<?xml version="1.0" encoding="UTF-8"?>
<!-- Generated by org.testng.reporters.JUnitXMLReporter -->
<testsuite hostname="NTISHTCD31" name="Command line test" tests="52" failures="16" timestamp="16 May 2019 09:00:12 GMT" time="497.414" errors="0">
  <testcase name="throwIfOrderIsNotExists" time="0.002" classname="com.mkyong.testng.examples.exception.TestCheckedException"/>
  <testcase name="throwIfOrderIsNull" time="0.0" classname="com.mkyong.testng.examples.exception.TestCheckedException"/>
  <testcase name="test1" time="0.003" classname="com.mkyong.testng.examples.ignore.TestIgnore"/>
  <testcase name="test2" time="0.0" classname="com.mkyong.testng.examples.ignore.TestIgnore"/>
  <testcase name="loadTest" time="45.484" classname="com.mkyong.testng.examples.loadtest.TestMultipleThreads">
    <failure type="org.openqa.selenium.WebDriverException" message="Unable to bind to locking port 7054 within 45000 ms
Build info: version: &amp;apos;2.39.0&amp;apos;, revision: &amp;apos;14fa800511cc5d66d426e08b0b2ab926c7ed7398&amp;apos;, time: &amp;apos;2013-12-16 13:18:38&amp;apos;
System info: host: &amp;apos;NTISHTCD31&amp;apos;, ip: &amp;apos;10.180.20.34&amp;apos;, os.name: &amp;apos;Windows 10&amp;apos;, os.arch: &amp;apos;amd64&amp;apos;, os.version: &amp;apos;10.0&amp;apos;, java.version: &amp;apos;1.8.0_201&amp;apos;
Driver info: driver.version: FirefoxDriver">
      <![CDATA[org.openqa.selenium.WebDriverException: Unable to bind to locking port 7054 within 45000 ms
Build info: version: '2.39.0', revision: '14fa800511cc5d66d426e08b0b2ab926c7ed7398', time: '2013-12-16 13:18:38'
System info: host: 'NTISHTCD31', ip: '10.180.20.34', os.name: 'Windows 10', os.arch: 'amd64', os.version: '10.0', java.version: '1.8.0_201'
Driver info: driver.version: FirefoxDriver
	at org.openqa.selenium.internal.SocketLock.lock(SocketLock.java:98)
	at org.openqa.selenium.firefox.internal.NewProfileExtensionConnection.start(NewProfileExtensionConnection.java:84)
	at org.openqa.selenium.firefox.FirefoxDriver.startClient(FirefoxDriver.java:250)
	at org.openqa.selenium.remote.RemoteWebDriver.<init>(RemoteWebDriver.java:110)
	at org.openqa.selenium.firefox.FirefoxDriver.<init>(FirefoxDriver.java:195)
	at org.openqa.selenium.firefox.FirefoxDriver.<init>(FirefoxDriver.java:190)
	at org.openqa.selenium.firefox.FirefoxDriver.<init>(FirefoxDriver.java:186)
	at org.openqa.selenium.firefox.FirefoxDriver.<init>(FirefoxDriver.java:99)
	at com.mkyong.testng.examples.loadtest.TestMultipleThreads.loadTest(TestMultipleThreads.java:41)
	at java.util.concurrent.FutureTask.run(FutureTask.java:266)
	at java.util.concurrent.ThreadPoolExecutor.runWorker(ThreadPoolExecutor.java:1149)
	at java.util.concurrent.ThreadPoolExecutor$Worker.run(ThreadPoolExecutor.java:624)
	at java.lang.Thread.run(Thread.java:748)
... Removed 11 stack frames]]>
    </failure>
  </testcase> <!-- loadTest -->
  <testcase name="loadTest" time="50.45" classname="com.mkyong.testng.examples.loadtest.TestMultipleThreads">
    <failure type="org.openqa.selenium.WebDriverException" message="Failed to connect to binary FirefoxBinary(C:\Program Files\Mozilla Firefox\firefox.exe) on port 7055; process output follows: 
Listeners&amp;quot;:{&amp;quot;runtime&amp;quot;:{&amp;quot;onMessage&amp;quot;:[[]]}}}},&amp;quot;webcompat-reporter@mozilla.org&amp;quot;:{&amp;quot;dependencies&amp;quot;:[],&amp;quot;enabled&amp;quot;:false,&amp;quot;lastModifiedTime&amp;quot;:1553630782556,&amp;quot;loader&amp;quot;:null,&amp;quot;path&amp;quot;:&amp;quot;webcompat-reporter@mozilla.org.xpi&amp;quot;,&amp;quot;runInSafeMode&amp;quot;:true,&amp;quot;telemetryKey&amp;quot;:&amp;quot;webcompat-reporter%40mozilla.org:1.1.0&amp;quot;,&amp;quot;version&amp;quot;:&amp;quot;1.1.0&amp;quot;},&amp;quot;webcompat@mozilla.org&amp;quot;:{&amp;quot;dependencies&amp;quot;:[],&amp;quot;enabled&amp;quot;:true,&amp;quot;lastModifiedTime&amp;quot;:1553630782557,&amp;quot;loader&amp;quot;:null,&amp;quot;path&amp;quot;:&amp;quot;webcompat@mozilla.org.xpi&amp;quot;,&amp;quot;runInSafeMode&amp;quot;:true,&amp;quot;telemetryKey&amp;quot;:&amp;quot;webcompat%40mozilla.org:3.0.2&amp;quot;,&amp;quot;version&amp;quot;:&amp;quot;3.0.2&amp;quot;}},&amp;quot;staged&amp;quot;:{},&amp;quot;path&amp;quot;:&amp;quot;C:\\Program Files\\Mozilla Firefox\\browser\\features&amp;quot;}}
1557996720682	addons.xpi	DEBUG	Ignoring file: name is not a valid add-on ID: C:\Users\NTVNSV31\AppData\Local\Temp\anonymous5225472201650386330webdriver-profile\extensions\webdriver-staging
1557996720683	addons.xpi	DEBUG	Existing add-on formautofill@mozilla.org in app-system-defaults
1557996720684	addons.xpi	DEBUG	Existing add-on screenshots@mozilla.org in app-system-defaults
1557996720685	addons.xpi	DEBUG	Existing add-on webcompat-reporter@mozilla.org in app-system-defaults
1557996720685	addons.xpi	DEBUG	Existing add-on webcompat@mozilla.org in app-system-defaults
1557996720686	addons.xpi	DEBUG	scanForChanges changed: false, state: {}
1557996720687	addons.xpi	DEBUG	No changes found
1557996720693	addons.xpi	DEBUG	Loading bootstrap scope from C:\Program Files\Mozilla Firefox\browser\features\formautofill@mozilla.org.xpi
1557996720721	addons.xpi	DEBUG	Calling bootstrap method startup on formautofill@mozilla.org version 1.0
1557996720723	addons.xpi	DEBUG	Loading bootstrap scope from C:\Program Files\Mozilla Firefox\browser\features\screenshots@mozilla.org.xpi
1557996720724	addons.xpi	DEBUG	Calling bootstrap method startup on screenshots@mozilla.org version 35.0.0
1557996720725	addons.xpi	DEBUG	Loading bootstrap scope from C:\Program Files\Mozilla Firefox\browser\features\webcompat@mozilla.org.xpi
1557996720725	addons.xpi	DEBUG	Calling bootstrap method startup on webcompat@mozilla.org version 3.0.2
1557996720727	addons.manager	DEBUG	Registering shutdown blocker for XPIProvider
1557996720727	addons.manager	DEBUG	Provider finished startup: XPIProvider
1557996720727	addons.manager	DEBUG	Starting provider: LightweightThemeManager
1557996720728	addons.manager	DEBUG	Registering shutdown blocker for LightweightThemeManager
1557996720728	addons.manager	DEBUG	Provider finished startup: LightweightThemeManager
1557996720728	addons.manager	DEBUG	Starting provider: GMPProvider
1557996720736	addons.manager	DEBUG	Registering shutdown blocker for GMPProvider
1557996720736	addons.manager	DEBUG	Provider finished startup: GMPProvider
1557996720736	addons.manager	DEBUG	Starting provider: PluginProvider
1557996720736	addons.manager	DEBUG	Registering shutdown blocker for PluginProvider
1557996720737	addons.manager	DEBUG	Provider finished startup: PluginProvider
1557996720744	addons.manager	DEBUG	Completed startup sequence
1557996722089	addons.xpi-utils	DEBUG	Starting async load of XPI database C:\Users\NTVNSV31\AppData\Local\Temp\anonymous5225472201650386330webdriver-profile\extensions.json
1557996722123	addons.xpi	DEBUG	Ignoring file: name is not a valid add-on ID: C:\Users\NTVNSV31\AppData\Local\Temp\anonymous5225472201650386330webdriver-profile\extensions\webdriver-staging
1557996722124	addons.xpi	DEBUG	Existing add-on formautofill@mozilla.org in app-system-defaults
1557996722125	addons.xpi	DEBUG	Existing add-on screenshots@mozilla.org in app-system-defaults
1557996722125	addons.xpi	DEBUG	Existing add-on webcompat-reporter@mozilla.org in app-system-defaults
1557996722126	addons.xpi	DEBUG	Existing add-on webcompat@mozilla.org in app-system-defaults
1557996722127	addons.xpi	DEBUG	scanForChanges changed: false, state: {}
1557996722316	addons.xpi-utils	DEBUG	Finished async read of XPI database, parsing...
*** Blocklist::_loadFileInternal: blocklist is disabled
1557996722626	addons.xpi-utils	DEBUG	Successfully read XPI database
1557996723252	addons.manager	DEBUG	Registering upgrade listener for formautofill@mozilla.org

Build info: version: &amp;apos;2.39.0&amp;apos;, revision: &amp;apos;14fa800511cc5d66d426e08b0b2ab926c7ed7398&amp;apos;, time: &amp;apos;2013-12-16 13:18:38&amp;apos;
System info: host: &amp;apos;NTISHTCD31&amp;apos;, ip: &amp;apos;10.180.20.34&amp;apos;, os.name: &amp;apos;Windows 10&amp;apos;, os.arch: &amp;apos;amd64&amp;apos;, os.version: &amp;apos;10.0&amp;apos;, java.version: &amp;apos;1.8.0_201&amp;apos;
Driver info: driver.version: FirefoxDriver">
      <![CDATA[org.openqa.selenium.WebDriverException: Failed to connect to binary FirefoxBinary(C:\Program Files\Mozilla Firefox\firefox.exe) on port 7055; process output follows: 
Listeners":{"runtime":{"onMessage":[[]]}}}},"webcompat-reporter@mozilla.org":{"dependencies":[],"enabled":false,"lastModifiedTime":1553630782556,"loader":null,"path":"webcompat-reporter@mozilla.org.xpi","runInSafeMode":true,"telemetryKey":"webcompat-reporter%40mozilla.org:1.1.0","version":"1.1.0"},"webcompat@mozilla.org":{"dependencies":[],"enabled":true,"lastModifiedTime":1553630782557,"loader":null,"path":"webcompat@mozilla.org.xpi","runInSafeMode":true,"telemetryKey":"webcompat%40mozilla.org:3.0.2","version":"3.0.2"}},"staged":{},"path":"C:\\Program Files\\Mozilla Firefox\\browser\\features"}}
1557996720682	addons.xpi	DEBUG	Ignoring file: name is not a valid add-on ID: C:\Users\NTVNSV31\AppData\Local\Temp\anonymous5225472201650386330webdriver-profile\extensions\webdriver-staging
1557996720683	addons.xpi	DEBUG	Existing add-on formautofill@mozilla.org in app-system-defaults
1557996720684	addons.xpi	DEBUG	Existing add-on screenshots@mozilla.org in app-system-defaults
1557996720685	addons.xpi	DEBUG	Existing add-on webcompat-reporter@mozilla.org in app-system-defaults
1557996720685	addons.xpi	DEBUG	Existing add-on webcompat@mozilla.org in app-system-defaults
1557996720686	addons.xpi	DEBUG	scanForChanges changed: false, state: {}
1557996720687	addons.xpi	DEBUG	No changes found
1557996720693	addons.xpi	DEBUG	Loading bootstrap scope from C:\Program Files\Mozilla Firefox\browser\features\formautofill@mozilla.org.xpi
1557996720721	addons.xpi	DEBUG	Calling bootstrap method startup on formautofill@mozilla.org version 1.0
1557996720723	addons.xpi	DEBUG	Loading bootstrap scope from C:\Program Files\Mozilla Firefox\browser\features\screenshots@mozilla.org.xpi
1557996720724	addons.xpi	DEBUG	Calling bootstrap method startup on screenshots@mozilla.org version 35.0.0
1557996720725	addons.xpi	DEBUG	Loading bootstrap scope from C:\Program Files\Mozilla Firefox\browser\features\webcompat@mozilla.org.xpi
1557996720725	addons.xpi	DEBUG	Calling bootstrap method startup on webcompat@mozilla.org version 3.0.2
1557996720727	addons.manager	DEBUG	Registering shutdown blocker for XPIProvider
1557996720727	addons.manager	DEBUG	Provider finished startup: XPIProvider
1557996720727	addons.manager	DEBUG	Starting provider: LightweightThemeManager
1557996720728	addons.manager	DEBUG	Registering shutdown blocker for LightweightThemeManager
1557996720728	addons.manager	DEBUG	Provider finished startup: LightweightThemeManager
1557996720728	addons.manager	DEBUG	Starting provider: GMPProvider
1557996720736	addons.manager	DEBUG	Registering shutdown blocker for GMPProvider
1557996720736	addons.manager	DEBUG	Provider finished startup: GMPProvider
1557996720736	addons.manager	DEBUG	Starting provider: PluginProvider
1557996720736	addons.manager	DEBUG	Registering shutdown blocker for PluginProvider
1557996720737	addons.manager	DEBUG	Provider finished startup: PluginProvider
1557996720744	addons.manager	DEBUG	Completed startup sequence
1557996722089	addons.xpi-utils	DEBUG	Starting async load of XPI database C:\Users\NTVNSV31\AppData\Local\Temp\anonymous5225472201650386330webdriver-profile\extensions.json
1557996722123	addons.xpi	DEBUG	Ignoring file: name is not a valid add-on ID: C:\Users\NTVNSV31\AppData\Local\Temp\anonymous5225472201650386330webdriver-profile\extensions\webdriver-staging
1557996722124	addons.xpi	DEBUG	Existing add-on formautofill@mozilla.org in app-system-defaults
1557996722125	addons.xpi	DEBUG	Existing add-on screenshots@mozilla.org in app-system-defaults
1557996722125	addons.xpi	DEBUG	Existing add-on webcompat-reporter@mozilla.org in app-system-defaults
1557996722126	addons.xpi	DEBUG	Existing add-on webcompat@mozilla.org in app-system-defaults
1557996722127	addons.xpi	DEBUG	scanForChanges changed: false, state: {}
1557996722316	addons.xpi-utils	DEBUG	Finished async read of XPI database, parsing...
*** Blocklist::_loadFileInternal: blocklist is disabled
1557996722626	addons.xpi-utils	DEBUG	Successfully read XPI database
1557996723252	addons.manager	DEBUG	Registering upgrade listener for formautofill@mozilla.org

Build info: version: '2.39.0', revision: '14fa800511cc5d66d426e08b0b2ab926c7ed7398', time: '2013-12-16 13:18:38'
System info: host: 'NTISHTCD31', ip: '10.180.20.34', os.name: 'Windows 10', os.arch: 'amd64', os.version: '10.0', java.version: '1.8.0_201'
Driver info: driver.version: FirefoxDriver
	at org.openqa.selenium.firefox.internal.NewProfileExtensionConnection.start(NewProfileExtensionConnection.java:130)
	at org.openqa.selenium.firefox.FirefoxDriver.startClient(FirefoxDriver.java:250)
	at org.openqa.selenium.remote.RemoteWebDriver.<init>(RemoteWebDriver.java:110)
	at org.openqa.selenium.firefox.FirefoxDriver.<init>(FirefoxDriver.java:195)
	at org.openqa.selenium.firefox.FirefoxDriver.<init>(FirefoxDriver.java:190)
	at org.openqa.selenium.firefox.FirefoxDriver.<init>(FirefoxDriver.java:186)
	at org.openqa.selenium.firefox.FirefoxDriver.<init>(FirefoxDriver.java:99)
	at com.mkyong.testng.examples.loadtest.TestMultipleThreads.loadTest(TestMultipleThreads.java:41)
	at java.util.concurrent.FutureTask.run(FutureTask.java:266)
	at java.util.concurrent.ThreadPoolExecutor.runWorker(ThreadPoolExecutor.java:1149)
	at java.util.concurrent.ThreadPoolExecutor$Worker.run(ThreadPoolExecutor.java:624)
	at java.lang.Thread.run(Thread.java:748)
Caused by: org.openqa.selenium.firefox.NotConnectedException: Unable to connect to host 127.0.0.1 on port 7055 after 45000 ms. Firefox console output:
Listeners":{"runtime":{"onMessage":[[]]}}}},"webcompat-reporter@mozilla.org":{"dependencies":[],"enabled":false,"lastModifiedTime":1553630782556,"loader":null,"path":"webcompat-reporter@mozilla.org.xpi","runInSafeMode":true,"telemetryKey":"webcompat-reporter%40mozilla.org:1.1.0","version":"1.1.0"},"webcompat@mozilla.org":{"dependencies":[],"enabled":true,"lastModifiedTime":1553630782557,"loader":null,"path":"webcompat@mozilla.org.xpi","runInSafeMode":true,"telemetryKey":"webcompat%40mozilla.org:3.0.2","version":"3.0.2"}},"staged":{},"path":"C:\\Program Files\\Mozilla Firefox\\browser\\features"}}
1557996720682	addons.xpi	DEBUG	Ignoring file: name is not a valid add-on ID: C:\Users\NTVNSV31\AppData\Local\Temp\anonymous5225472201650386330webdriver-profile\extensions\webdriver-staging
1557996720683	addons.xpi	DEBUG	Existing add-on formautofill@mozilla.org in app-system-defaults
1557996720684	addons.xpi	DEBUG	Existing add-on screenshots@mozilla.org in app-system-defaults
1557996720685	addons.xpi	DEBUG	Existing add-on webcompat-reporter@mozilla.org in app-system-defaults
1557996720685	addons.xpi	DEBUG	Existing add-on webcompat@mozilla.org in app-system-defaults
1557996720686	addons.xpi	DEBUG	scanForChanges changed: false, state: {}
1557996720687	addons.xpi	DEBUG	No changes found
1557996720693	addons.xpi	DEBUG	Loading bootstrap scope from C:\Program Files\Mozilla Firefox\browser\features\formautofill@mozilla.org.xpi
1557996720721	addons.xpi	DEBUG	Calling bootstrap method startup on formautofill@mozilla.org version 1.0
1557996720723	addons.xpi	DEBUG	Loading bootstrap scope from C:\Program Files\Mozilla Firefox\browser\features\screenshots@mozilla.org.xpi
1557996720724	addons.xpi	DEBUG	Calling bootstrap method startup on screenshots@mozilla.org version 35.0.0
1557996720725	addons.xpi	DEBUG	Loading bootstrap scope from C:\Program Files\Mozilla Firefox\browser\features\webcompat@mozilla.org.xpi
1557996720725	addons.xpi	DEBUG	Calling bootstrap method startup on webcompat@mozilla.org version 3.0.2
1557996720727	addons.manager	DEBUG	Registering shutdown blocker for XPIProvider
1557996720727	addons.manager	DEBUG	Provider finished startup: XPIProvider
1557996720727	addons.manager	DEBUG	Starting provider: LightweightThemeManager
1557996720728	addons.manager	DEBUG	Registering shutdown blocker for LightweightThemeManager
1557996720728	addons.manager	DEBUG	Provider finished startup: LightweightThemeManager
1557996720728	addons.manager	DEBUG	Starting provider: GMPProvider
1557996720736	addons.manager	DEBUG	Registering shutdown blocker for GMPProvider
1557996720736	addons.manager	DEBUG	Provider finished startup: GMPProvider
1557996720736	addons.manager	DEBUG	Starting provider: PluginProvider
1557996720736	addons.manager	DEBUG	Registering shutdown blocker for PluginProvider
1557996720737	addons.manager	DEBUG	Provider finished startup: PluginProvider
1557996720744	addons.manager	DEBUG	Completed startup sequence
1557996722089	addons.xpi-utils	DEBUG	Starting async load of XPI database C:\Users\NTVNSV31\AppData\Local\Temp\anonymous5225472201650386330webdriver-profile\extensions.json
1557996722123	addons.xpi	DEBUG	Ignoring file: name is not a valid add-on ID: C:\Users\NTVNSV31\AppData\Local\Temp\anonymous5225472201650386330webdriver-profile\extensions\webdriver-staging
1557996722124	addons.xpi	DEBUG	Existing add-on formautofill@mozilla.org in app-system-defaults
1557996722125	addons.xpi	DEBUG	Existing add-on screenshots@mozilla.org in app-system-defaults
1557996722125	addons.xpi	DEBUG	Existing add-on webcompat-reporter@mozilla.org in app-system-defaults
1557996722126	addons.xpi	DEBUG	Existing add-on webcompat@mozilla.org in app-system-defaults
1557996722127	addons.xpi	DEBUG	scanForChanges changed: false, state: {}
1557996722316	addons.xpi-utils	DEBUG	Finished async read of XPI database, parsing...
*** Blocklist::_loadFileInternal: blocklist is disabled
1557996722626	addons.xpi-utils	DEBUG	Successfully read XPI database
1557996723252	addons.manager	DEBUG	Registering upgrade listener for formautofill@mozilla.org

	at org.openqa.selenium.firefox.internal.NewProfileExtensionConnection.start(NewProfileExtensionConnection.java:118)
	... 22 more
... Removed 11 stack frames]]>
    </failure>
  </testcase> <!-- loadTest -->
  <testcase name="loadTest" time="96.294" classname="com.mkyong.testng.examples.loadtest.TestMultipleThreads">
    <failure type="org.openqa.selenium.WebDriverException" message="Unable to bind to locking port 7054 within 45000 ms
Build info: version: &amp;apos;2.39.0&amp;apos;, revision: &amp;apos;14fa800511cc5d66d426e08b0b2ab926c7ed7398&amp;apos;, time: &amp;apos;2013-12-16 13:18:38&amp;apos;
System info: host: &amp;apos;NTISHTCD31&amp;apos;, ip: &amp;apos;10.180.20.34&amp;apos;, os.name: &amp;apos;Windows 10&amp;apos;, os.arch: &amp;apos;amd64&amp;apos;, os.version: &amp;apos;10.0&amp;apos;, java.version: &amp;apos;1.8.0_201&amp;apos;
Driver info: driver.version: FirefoxDriver">
      <![CDATA[org.openqa.selenium.WebDriverException: Unable to bind to locking port 7054 within 45000 ms
Build info: version: '2.39.0', revision: '14fa800511cc5d66d426e08b0b2ab926c7ed7398', time: '2013-12-16 13:18:38'
System info: host: 'NTISHTCD31', ip: '10.180.20.34', os.name: 'Windows 10', os.arch: 'amd64', os.version: '10.0', java.version: '1.8.0_201'
Driver info: driver.version: FirefoxDriver
	at org.openqa.selenium.internal.SocketLock.lock(SocketLock.java:98)
	at org.openqa.selenium.firefox.internal.NewProfileExtensionConnection.start(NewProfileExtensionConnection.java:84)
	at org.openqa.selenium.firefox.FirefoxDriver.startClient(FirefoxDriver.java:250)
	at org.openqa.selenium.remote.RemoteWebDriver.<init>(RemoteWebDriver.java:110)
	at org.openqa.selenium.firefox.FirefoxDriver.<init>(FirefoxDriver.java:195)
	at org.openqa.selenium.firefox.FirefoxDriver.<init>(FirefoxDriver.java:190)
	at org.openqa.selenium.firefox.FirefoxDriver.<init>(FirefoxDriver.java:186)
	at org.openqa.selenium.firefox.FirefoxDriver.<init>(FirefoxDriver.java:99)
	at com.mkyong.testng.examples.loadtest.TestMultipleThreads.loadTest(TestMultipleThreads.java:41)
	at java.util.concurrent.FutureTask.run(FutureTask.java:266)
	at java.util.concurrent.ThreadPoolExecutor.runWorker(ThreadPoolExecutor.java:1149)
	at java.util.concurrent.ThreadPoolExecutor$Worker.run(ThreadPoolExecutor.java:624)
	at java.lang.Thread.run(Thread.java:748)
... Removed 11 stack frames]]>
    </failure>
  </testcase> <!-- loadTest -->
  <testcase name="loadTest" time="99.632" classname="com.mkyong.testng.examples.loadtest.TestMultipleThreads">
    <failure type="org.openqa.selenium.WebDriverException" message="Failed to connect to binary FirefoxBinary(C:\Program Files\Mozilla Firefox\firefox.exe) on port 7055; process output follows: 
e, state: {}
1557996769895	addons.xpi	DEBUG	No changes found
1557996769901	addons.xpi	DEBUG	Loading bootstrap scope from C:\Program Files\Mozilla Firefox\browser\features\formautofill@mozilla.org.xpi
1557996769927	addons.xpi	DEBUG	Calling bootstrap method startup on formautofill@mozilla.org version 1.0
1557996769929	addons.xpi	DEBUG	Loading bootstrap scope from C:\Program Files\Mozilla Firefox\browser\features\screenshots@mozilla.org.xpi
1557996769929	addons.xpi	DEBUG	Calling bootstrap method startup on screenshots@mozilla.org version 35.0.0
1557996769930	addons.xpi	DEBUG	Loading bootstrap scope from C:\Program Files\Mozilla Firefox\browser\features\webcompat@mozilla.org.xpi
1557996769930	addons.xpi	DEBUG	Calling bootstrap method startup on webcompat@mozilla.org version 3.0.2
1557996769932	addons.manager	DEBUG	Registering shutdown blocker for XPIProvider
1557996769933	addons.manager	DEBUG	Provider finished startup: XPIProvider
1557996769933	addons.manager	DEBUG	Starting provider: LightweightThemeManager
1557996769933	addons.manager	DEBUG	Registering shutdown blocker for LightweightThemeManager
1557996769933	addons.manager	DEBUG	Provider finished startup: LightweightThemeManager
1557996769933	addons.manager	DEBUG	Starting provider: GMPProvider
1557996769941	addons.manager	DEBUG	Registering shutdown blocker for GMPProvider
1557996769941	addons.manager	DEBUG	Provider finished startup: GMPProvider
1557996769942	addons.manager	DEBUG	Starting provider: PluginProvider
1557996769942	addons.manager	DEBUG	Registering shutdown blocker for PluginProvider
1557996769942	addons.manager	DEBUG	Provider finished startup: PluginProvider
1557996769949	addons.manager	DEBUG	Completed startup sequence
1557996771246	addons.xpi-utils	DEBUG	Starting async load of XPI database C:\Users\NTVNSV31\AppData\Local\Temp\anonymous4866493888498959246webdriver-profile\extensions.json
1557996771280	addons.xpi	DEBUG	Ignoring file: name is not a valid add-on ID: C:\Users\NTVNSV31\AppData\Local\Temp\anonymous4866493888498959246webdriver-profile\extensions\webdriver-staging
1557996771281	addons.xpi	DEBUG	Existing add-on formautofill@mozilla.org in app-system-defaults
1557996771282	addons.xpi	DEBUG	Existing add-on screenshots@mozilla.org in app-system-defaults
1557996771282	addons.xpi	DEBUG	Existing add-on webcompat-reporter@mozilla.org in app-system-defaults
1557996771282	addons.xpi	DEBUG	Existing add-on webcompat@mozilla.org in app-system-defaults
1557996771283	addons.xpi	DEBUG	scanForChanges changed: false, state: {}
1557996771463	addons.xpi-utils	DEBUG	Finished async read of XPI database, parsing...
*** Blocklist::_loadFileInternal: blocklist is disabled
1557996771714	addons.xpi-utils	DEBUG	Successfully read XPI database
1557996772417	addons.manager	DEBUG	Registering upgrade listener for formautofill@mozilla.org
[Parent 43580, Gecko_IOThread] WARNING: pipe error: 109: file z:/build/build/src/ipc/chromium/src/chrome/common/ipc_channel_win.cc, line 332
[Child 6720, Chrome_ChildThread] WARNING: pipe error: 109: file z:/build/build/src/ipc/chromium/src/chrome/common/ipc_channel_win.cc, line 332
[Child 6720, Chrome_ChildT1557996780355	addons.xpi	DEBUG	Calling bootstrap method shutdown on webcompat@mozilla.org version 3.0.2
1557996780358	addons.xpi	DEBUG	Calling bootstrap method shutdown on screenshots@mozilla.org version 35.0.0
1557996780363	addons.xpi	DEBUG	Calling bootstrap method shutdown on formautofill@mozilla.org version 1.0
1557996780521	addons.manager	DEBUG	shutdown
1557996780525	addons.manager	DEBUG	Calling shutdown blocker for XPIProvider
1557996780525	addons.xpi	DEBUG	shutdown
1557996780540	addons.xpi-utils	DEBUG	shutdown
1557996780540	addons.manager	DEBUG	Calling shutdown blocker for LightweightThemeManager
1557996780541	addons.manager	DEBUG	Calling shutdown blocker for GMPProvider
1557996780542	addons.manager	DEBUG	Calling shutdown blocker for PluginProvider
1557996780549	addons.manager	DEBUG	Async provider shutdown done

###!!! [Child][MessageChannel::SendAndWait] Error: Channel error: cannot send/recv


Build info: version: &amp;apos;2.39.0&amp;apos;, revision: &amp;apos;14fa800511cc5d66d426e08b0b2ab926c7ed7398&amp;apos;, time: &amp;apos;2013-12-16 13:18:38&amp;apos;
System info: host: &amp;apos;NTISHTCD31&amp;apos;, ip: &amp;apos;10.180.20.34&amp;apos;, os.name: &amp;apos;Windows 10&amp;apos;, os.arch: &amp;apos;amd64&amp;apos;, os.version: &amp;apos;10.0&amp;apos;, java.version: &amp;apos;1.8.0_201&amp;apos;
Driver info: driver.version: FirefoxDriver">
      <![CDATA[org.openqa.selenium.WebDriverException: Failed to connect to binary FirefoxBinary(C:\Program Files\Mozilla Firefox\firefox.exe) on port 7055; process output follows: 
e, state: {}
1557996769895	addons.xpi	DEBUG	No changes found
1557996769901	addons.xpi	DEBUG	Loading bootstrap scope from C:\Program Files\Mozilla Firefox\browser\features\formautofill@mozilla.org.xpi
1557996769927	addons.xpi	DEBUG	Calling bootstrap method startup on formautofill@mozilla.org version 1.0
1557996769929	addons.xpi	DEBUG	Loading bootstrap scope from C:\Program Files\Mozilla Firefox\browser\features\screenshots@mozilla.org.xpi
1557996769929	addons.xpi	DEBUG	Calling bootstrap method startup on screenshots@mozilla.org version 35.0.0
1557996769930	addons.xpi	DEBUG	Loading bootstrap scope from C:\Program Files\Mozilla Firefox\browser\features\webcompat@mozilla.org.xpi
1557996769930	addons.xpi	DEBUG	Calling bootstrap method startup on webcompat@mozilla.org version 3.0.2
1557996769932	addons.manager	DEBUG	Registering shutdown blocker for XPIProvider
1557996769933	addons.manager	DEBUG	Provider finished startup: XPIProvider
1557996769933	addons.manager	DEBUG	Starting provider: LightweightThemeManager
1557996769933	addons.manager	DEBUG	Registering shutdown blocker for LightweightThemeManager
1557996769933	addons.manager	DEBUG	Provider finished startup: LightweightThemeManager
1557996769933	addons.manager	DEBUG	Starting provider: GMPProvider
1557996769941	addons.manager	DEBUG	Registering shutdown blocker for GMPProvider
1557996769941	addons.manager	DEBUG	Provider finished startup: GMPProvider
1557996769942	addons.manager	DEBUG	Starting provider: PluginProvider
1557996769942	addons.manager	DEBUG	Registering shutdown blocker for PluginProvider
1557996769942	addons.manager	DEBUG	Provider finished startup: PluginProvider
1557996769949	addons.manager	DEBUG	Completed startup sequence
1557996771246	addons.xpi-utils	DEBUG	Starting async load of XPI database C:\Users\NTVNSV31\AppData\Local\Temp\anonymous4866493888498959246webdriver-profile\extensions.json
1557996771280	addons.xpi	DEBUG	Ignoring file: name is not a valid add-on ID: C:\Users\NTVNSV31\AppData\Local\Temp\anonymous4866493888498959246webdriver-profile\extensions\webdriver-staging
1557996771281	addons.xpi	DEBUG	Existing add-on formautofill@mozilla.org in app-system-defaults
1557996771282	addons.xpi	DEBUG	Existing add-on screenshots@mozilla.org in app-system-defaults
1557996771282	addons.xpi	DEBUG	Existing add-on webcompat-reporter@mozilla.org in app-system-defaults
1557996771282	addons.xpi	DEBUG	Existing add-on webcompat@mozilla.org in app-system-defaults
1557996771283	addons.xpi	DEBUG	scanForChanges changed: false, state: {}
1557996771463	addons.xpi-utils	DEBUG	Finished async read of XPI database, parsing...
*** Blocklist::_loadFileInternal: blocklist is disabled
1557996771714	addons.xpi-utils	DEBUG	Successfully read XPI database
1557996772417	addons.manager	DEBUG	Registering upgrade listener for formautofill@mozilla.org
[Parent 43580, Gecko_IOThread] WARNING: pipe error: 109: file z:/build/build/src/ipc/chromium/src/chrome/common/ipc_channel_win.cc, line 332
[Child 6720, Chrome_ChildThread] WARNING: pipe error: 109: file z:/build/build/src/ipc/chromium/src/chrome/common/ipc_channel_win.cc, line 332
[Child 6720, Chrome_ChildT1557996780355	addons.xpi	DEBUG	Calling bootstrap method shutdown on webcompat@mozilla.org version 3.0.2
1557996780358	addons.xpi	DEBUG	Calling bootstrap method shutdown on screenshots@mozilla.org version 35.0.0
1557996780363	addons.xpi	DEBUG	Calling bootstrap method shutdown on formautofill@mozilla.org version 1.0
1557996780521	addons.manager	DEBUG	shutdown
1557996780525	addons.manager	DEBUG	Calling shutdown blocker for XPIProvider
1557996780525	addons.xpi	DEBUG	shutdown
1557996780540	addons.xpi-utils	DEBUG	shutdown
1557996780540	addons.manager	DEBUG	Calling shutdown blocker for LightweightThemeManager
1557996780541	addons.manager	DEBUG	Calling shutdown blocker for GMPProvider
1557996780542	addons.manager	DEBUG	Calling shutdown blocker for PluginProvider
1557996780549	addons.manager	DEBUG	Async provider shutdown done

###!!! [Child][MessageChannel::SendAndWait] Error: Channel error: cannot send/recv


Build info: version: '2.39.0', revision: '14fa800511cc5d66d426e08b0b2ab926c7ed7398', time: '2013-12-16 13:18:38'
System info: host: 'NTISHTCD31', ip: '10.180.20.34', os.name: 'Windows 10', os.arch: 'amd64', os.version: '10.0', java.version: '1.8.0_201'
Driver info: driver.version: FirefoxDriver
	at org.openqa.selenium.firefox.internal.NewProfileExtensionConnection.start(NewProfileExtensionConnection.java:130)
	at org.openqa.selenium.firefox.FirefoxDriver.startClient(FirefoxDriver.java:250)
	at org.openqa.selenium.remote.RemoteWebDriver.<init>(RemoteWebDriver.java:110)
	at org.openqa.selenium.firefox.FirefoxDriver.<init>(FirefoxDriver.java:195)
	at org.openqa.selenium.firefox.FirefoxDriver.<init>(FirefoxDriver.java:190)
	at org.openqa.selenium.firefox.FirefoxDriver.<init>(FirefoxDriver.java:186)
	at org.openqa.selenium.firefox.FirefoxDriver.<init>(FirefoxDriver.java:99)
	at com.mkyong.testng.examples.loadtest.TestMultipleThreads.loadTest(TestMultipleThreads.java:41)
	at java.util.concurrent.FutureTask.run(FutureTask.java:266)
	at java.util.concurrent.ThreadPoolExecutor.runWorker(ThreadPoolExecutor.java:1149)
	at java.util.concurrent.ThreadPoolExecutor$Worker.run(ThreadPoolExecutor.java:624)
	at java.lang.Thread.run(Thread.java:748)
Caused by: org.openqa.selenium.firefox.NotConnectedException: Unable to connect to host 127.0.0.1 on port 7055 after 45000 ms. Firefox console output:
e, state: {}
1557996769895	addons.xpi	DEBUG	No changes found
1557996769901	addons.xpi	DEBUG	Loading bootstrap scope from C:\Program Files\Mozilla Firefox\browser\features\formautofill@mozilla.org.xpi
1557996769927	addons.xpi	DEBUG	Calling bootstrap method startup on formautofill@mozilla.org version 1.0
1557996769929	addons.xpi	DEBUG	Loading bootstrap scope from C:\Program Files\Mozilla Firefox\browser\features\screenshots@mozilla.org.xpi
1557996769929	addons.xpi	DEBUG	Calling bootstrap method startup on screenshots@mozilla.org version 35.0.0
1557996769930	addons.xpi	DEBUG	Loading bootstrap scope from C:\Program Files\Mozilla Firefox\browser\features\webcompat@mozilla.org.xpi
1557996769930	addons.xpi	DEBUG	Calling bootstrap method startup on webcompat@mozilla.org version 3.0.2
1557996769932	addons.manager	DEBUG	Registering shutdown blocker for XPIProvider
1557996769933	addons.manager	DEBUG	Provider finished startup: XPIProvider
1557996769933	addons.manager	DEBUG	Starting provider: LightweightThemeManager
1557996769933	addons.manager	DEBUG	Registering shutdown blocker for LightweightThemeManager
1557996769933	addons.manager	DEBUG	Provider finished startup: LightweightThemeManager
1557996769933	addons.manager	DEBUG	Starting provider: GMPProvider
1557996769941	addons.manager	DEBUG	Registering shutdown blocker for GMPProvider
1557996769941	addons.manager	DEBUG	Provider finished startup: GMPProvider
1557996769942	addons.manager	DEBUG	Starting provider: PluginProvider
1557996769942	addons.manager	DEBUG	Registering shutdown blocker for PluginProvider
1557996769942	addons.manager	DEBUG	Provider finished startup: PluginProvider
1557996769949	addons.manager	DEBUG	Completed startup sequence
1557996771246	addons.xpi-utils	DEBUG	Starting async load of XPI database C:\Users\NTVNSV31\AppData\Local\Temp\anonymous4866493888498959246webdriver-profile\extensions.json
1557996771280	addons.xpi	DEBUG	Ignoring file: name is not a valid add-on ID: C:\Users\NTVNSV31\AppData\Local\Temp\anonymous4866493888498959246webdriver-profile\extensions\webdriver-staging
1557996771281	addons.xpi	DEBUG	Existing add-on formautofill@mozilla.org in app-system-defaults
1557996771282	addons.xpi	DEBUG	Existing add-on screenshots@mozilla.org in app-system-defaults
1557996771282	addons.xpi	DEBUG	Existing add-on webcompat-reporter@mozilla.org in app-system-defaults
1557996771282	addons.xpi	DEBUG	Existing add-on webcompat@mozilla.org in app-system-defaults
1557996771283	addons.xpi	DEBUG	scanForChanges changed: false, state: {}
1557996771463	addons.xpi-utils	DEBUG	Finished async read of XPI database, parsing...
*** Blocklist::_loadFileInternal: blocklist is disabled
1557996771714	addons.xpi-utils	DEBUG	Successfully read XPI database
1557996772417	addons.manager	DEBUG	Registering upgrade listener for formautofill@mozilla.org
[Parent 43580, Gecko_IOThread] WARNING: pipe error: 109: file z:/build/build/src/ipc/chromium/src/chrome/common/ipc_channel_win.cc, line 332
[Child 6720, Chrome_ChildThread] WARNING: pipe error: 109: file z:/build/build/src/ipc/chromium/src/chrome/common/ipc_channel_win.cc, line 332
[Child 6720, Chrome_ChildT1557996780355	addons.xpi	DEBUG	Calling bootstrap method shutdown on webcompat@mozilla.org version 3.0.2
1557996780358	addons.xpi	DEBUG	Calling bootstrap method shutdown on screenshots@mozilla.org version 35.0.0
1557996780363	addons.xpi	DEBUG	Calling bootstrap method shutdown on formautofill@mozilla.org version 1.0
1557996780521	addons.manager	DEBUG	shutdown
1557996780525	addons.manager	DEBUG	Calling shutdown blocker for XPIProvider
1557996780525	addons.xpi	DEBUG	shutdown
1557996780540	addons.xpi-utils	DEBUG	shutdown
1557996780540	addons.manager	DEBUG	Calling shutdown blocker for LightweightThemeManager
1557996780541	addons.manager	DEBUG	Calling shutdown blocker for GMPProvider
1557996780542	addons.manager	DEBUG	Calling shutdown blocker for PluginProvider
1557996780549	addons.manager	DEBUG	Async provider shutdown done

###!!! [Child][MessageChannel::SendAndWait] Error: Channel error: cannot send/recv


	at org.openqa.selenium.firefox.internal.NewProfileExtensionConnection.start(NewProfileExtensionConnection.java:118)
	... 22 more
... Removed 11 stack frames]]>
    </failure>
  </testcase> <!-- loadTest -->
  <testcase name="loadTest" time="47.703" classname="com.mkyong.testng.examples.loadtest.TestMultipleThreads">
    <failure type="org.openqa.selenium.WebDriverException" message="Unable to bind to locking port 7054 within 45000 ms
Build info: version: &amp;apos;2.39.0&amp;apos;, revision: &amp;apos;14fa800511cc5d66d426e08b0b2ab926c7ed7398&amp;apos;, time: &amp;apos;2013-12-16 13:18:38&amp;apos;
System info: host: &amp;apos;NTISHTCD31&amp;apos;, ip: &amp;apos;10.180.20.34&amp;apos;, os.name: &amp;apos;Windows 10&amp;apos;, os.arch: &amp;apos;amd64&amp;apos;, os.version: &amp;apos;10.0&amp;apos;, java.version: &amp;apos;1.8.0_201&amp;apos;
Driver info: driver.version: FirefoxDriver">
      <![CDATA[org.openqa.selenium.WebDriverException: Unable to bind to locking port 7054 within 45000 ms
Build info: version: '2.39.0', revision: '14fa800511cc5d66d426e08b0b2ab926c7ed7398', time: '2013-12-16 13:18:38'
System info: host: 'NTISHTCD31', ip: '10.180.20.34', os.name: 'Windows 10', os.arch: 'amd64', os.version: '10.0', java.version: '1.8.0_201'
Driver info: driver.version: FirefoxDriver
	at org.openqa.selenium.internal.SocketLock.lock(SocketLock.java:98)
	at org.openqa.selenium.firefox.internal.NewProfileExtensionConnection.start(NewProfileExtensionConnection.java:84)
	at org.openqa.selenium.firefox.FirefoxDriver.startClient(FirefoxDriver.java:250)
	at org.openqa.selenium.remote.RemoteWebDriver.<init>(RemoteWebDriver.java:110)
	at org.openqa.selenium.firefox.FirefoxDriver.<init>(FirefoxDriver.java:195)
	at org.openqa.selenium.firefox.FirefoxDriver.<init>(FirefoxDriver.java:190)
	at org.openqa.selenium.firefox.FirefoxDriver.<init>(FirefoxDriver.java:186)
	at org.openqa.selenium.firefox.FirefoxDriver.<init>(FirefoxDriver.java:99)
	at com.mkyong.testng.examples.loadtest.TestMultipleThreads.loadTest(TestMultipleThreads.java:41)
	at java.util.concurrent.FutureTask.run(FutureTask.java:266)
	at java.util.concurrent.ThreadPoolExecutor.runWorker(ThreadPoolExecutor.java:1149)
	at java.util.concurrent.ThreadPoolExecutor$Worker.run(ThreadPoolExecutor.java:624)
	at java.lang.Thread.run(Thread.java:748)
... Removed 11 stack frames]]>
    </failure>
  </testcase> <!-- loadTest -->
  <testcase name="loadTest" time="149.847" classname="com.mkyong.testng.examples.loadtest.TestMultipleThreads">
    <failure type="org.openqa.selenium.WebDriverException" message="Failed to connect to binary FirefoxBinary(C:\Program Files\Mozilla Firefox\firefox.exe) on port 7055; process output follows: 
Listeners&amp;quot;:{&amp;quot;runtime&amp;quot;:{&amp;quot;onMessage&amp;quot;:[[]]}}}},&amp;quot;webcompat-reporter@mozilla.org&amp;quot;:{&amp;quot;dependencies&amp;quot;:[],&amp;quot;enabled&amp;quot;:false,&amp;quot;lastModifiedTime&amp;quot;:1553630782556,&amp;quot;loader&amp;quot;:null,&amp;quot;path&amp;quot;:&amp;quot;webcompat-reporter@mozilla.org.xpi&amp;quot;,&amp;quot;runInSafeMode&amp;quot;:true,&amp;quot;telemetryKey&amp;quot;:&amp;quot;webcompat-reporter%40mozilla.org:1.1.0&amp;quot;,&amp;quot;version&amp;quot;:&amp;quot;1.1.0&amp;quot;},&amp;quot;webcompat@mozilla.org&amp;quot;:{&amp;quot;dependencies&amp;quot;:[],&amp;quot;enabled&amp;quot;:true,&amp;quot;lastModifiedTime&amp;quot;:1553630782557,&amp;quot;loader&amp;quot;:null,&amp;quot;path&amp;quot;:&amp;quot;webcompat@mozilla.org.xpi&amp;quot;,&amp;quot;runInSafeMode&amp;quot;:true,&amp;quot;telemetryKey&amp;quot;:&amp;quot;webcompat%40mozilla.org:3.0.2&amp;quot;,&amp;quot;version&amp;quot;:&amp;quot;3.0.2&amp;quot;}},&amp;quot;staged&amp;quot;:{},&amp;quot;path&amp;quot;:&amp;quot;C:\\Program Files\\Mozilla Firefox\\browser\\features&amp;quot;}}
1557996820010	addons.xpi	DEBUG	Ignoring file: name is not a valid add-on ID: C:\Users\NTVNSV31\AppData\Local\Temp\anonymous2928976657432288469webdriver-profile\extensions\webdriver-staging
1557996820012	addons.xpi	DEBUG	Existing add-on formautofill@mozilla.org in app-system-defaults
1557996820013	addons.xpi	DEBUG	Existing add-on screenshots@mozilla.org in app-system-defaults
1557996820014	addons.xpi	DEBUG	Existing add-on webcompat-reporter@mozilla.org in app-system-defaults
1557996820014	addons.xpi	DEBUG	Existing add-on webcompat@mozilla.org in app-system-defaults
1557996820015	addons.xpi	DEBUG	scanForChanges changed: false, state: {}
1557996820016	addons.xpi	DEBUG	No changes found
1557996820023	addons.xpi	DEBUG	Loading bootstrap scope from C:\Program Files\Mozilla Firefox\browser\features\formautofill@mozilla.org.xpi
1557996820052	addons.xpi	DEBUG	Calling bootstrap method startup on formautofill@mozilla.org version 1.0
1557996820055	addons.xpi	DEBUG	Loading bootstrap scope from C:\Program Files\Mozilla Firefox\browser\features\screenshots@mozilla.org.xpi
1557996820055	addons.xpi	DEBUG	Calling bootstrap method startup on screenshots@mozilla.org version 35.0.0
1557996820056	addons.xpi	DEBUG	Loading bootstrap scope from C:\Program Files\Mozilla Firefox\browser\features\webcompat@mozilla.org.xpi
1557996820057	addons.xpi	DEBUG	Calling bootstrap method startup on webcompat@mozilla.org version 3.0.2
1557996820058	addons.manager	DEBUG	Registering shutdown blocker for XPIProvider
1557996820058	addons.manager	DEBUG	Provider finished startup: XPIProvider
1557996820058	addons.manager	DEBUG	Starting provider: LightweightThemeManager
1557996820059	addons.manager	DEBUG	Registering shutdown blocker for LightweightThemeManager
1557996820059	addons.manager	DEBUG	Provider finished startup: LightweightThemeManager
1557996820059	addons.manager	DEBUG	Starting provider: GMPProvider
1557996820068	addons.manager	DEBUG	Registering shutdown blocker for GMPProvider
1557996820068	addons.manager	DEBUG	Provider finished startup: GMPProvider
1557996820068	addons.manager	DEBUG	Starting provider: PluginProvider
1557996820068	addons.manager	DEBUG	Registering shutdown blocker for PluginProvider
1557996820068	addons.manager	DEBUG	Provider finished startup: PluginProvider
1557996820077	addons.manager	DEBUG	Completed startup sequence
1557996821440	addons.xpi-utils	DEBUG	Starting async load of XPI database C:\Users\NTVNSV31\AppData\Local\Temp\anonymous2928976657432288469webdriver-profile\extensions.json
1557996821475	addons.xpi	DEBUG	Ignoring file: name is not a valid add-on ID: C:\Users\NTVNSV31\AppData\Local\Temp\anonymous2928976657432288469webdriver-profile\extensions\webdriver-staging
1557996821477	addons.xpi	DEBUG	Existing add-on formautofill@mozilla.org in app-system-defaults
1557996821477	addons.xpi	DEBUG	Existing add-on screenshots@mozilla.org in app-system-defaults
1557996821477	addons.xpi	DEBUG	Existing add-on webcompat-reporter@mozilla.org in app-system-defaults
1557996821477	addons.xpi	DEBUG	Existing add-on webcompat@mozilla.org in app-system-defaults
1557996821478	addons.xpi	DEBUG	scanForChanges changed: false, state: {}
1557996821646	addons.xpi-utils	DEBUG	Finished async read of XPI database, parsing...
*** Blocklist::_loadFileInternal: blocklist is disabled
1557996821768	addons.xpi-utils	DEBUG	Successfully read XPI database
1557996822512	addons.manager	DEBUG	Registering upgrade listener for formautofill@mozilla.org

Build info: version: &amp;apos;2.39.0&amp;apos;, revision: &amp;apos;14fa800511cc5d66d426e08b0b2ab926c7ed7398&amp;apos;, time: &amp;apos;2013-12-16 13:18:38&amp;apos;
System info: host: &amp;apos;NTISHTCD31&amp;apos;, ip: &amp;apos;10.180.20.34&amp;apos;, os.name: &amp;apos;Windows 10&amp;apos;, os.arch: &amp;apos;amd64&amp;apos;, os.version: &amp;apos;10.0&amp;apos;, java.version: &amp;apos;1.8.0_201&amp;apos;
Driver info: driver.version: FirefoxDriver">
      <![CDATA[org.openqa.selenium.WebDriverException: Failed to connect to binary FirefoxBinary(C:\Program Files\Mozilla Firefox\firefox.exe) on port 7055; process output follows: 
Listeners":{"runtime":{"onMessage":[[]]}}}},"webcompat-reporter@mozilla.org":{"dependencies":[],"enabled":false,"lastModifiedTime":1553630782556,"loader":null,"path":"webcompat-reporter@mozilla.org.xpi","runInSafeMode":true,"telemetryKey":"webcompat-reporter%40mozilla.org:1.1.0","version":"1.1.0"},"webcompat@mozilla.org":{"dependencies":[],"enabled":true,"lastModifiedTime":1553630782557,"loader":null,"path":"webcompat@mozilla.org.xpi","runInSafeMode":true,"telemetryKey":"webcompat%40mozilla.org:3.0.2","version":"3.0.2"}},"staged":{},"path":"C:\\Program Files\\Mozilla Firefox\\browser\\features"}}
1557996820010	addons.xpi	DEBUG	Ignoring file: name is not a valid add-on ID: C:\Users\NTVNSV31\AppData\Local\Temp\anonymous2928976657432288469webdriver-profile\extensions\webdriver-staging
1557996820012	addons.xpi	DEBUG	Existing add-on formautofill@mozilla.org in app-system-defaults
1557996820013	addons.xpi	DEBUG	Existing add-on screenshots@mozilla.org in app-system-defaults
1557996820014	addons.xpi	DEBUG	Existing add-on webcompat-reporter@mozilla.org in app-system-defaults
1557996820014	addons.xpi	DEBUG	Existing add-on webcompat@mozilla.org in app-system-defaults
1557996820015	addons.xpi	DEBUG	scanForChanges changed: false, state: {}
1557996820016	addons.xpi	DEBUG	No changes found
1557996820023	addons.xpi	DEBUG	Loading bootstrap scope from C:\Program Files\Mozilla Firefox\browser\features\formautofill@mozilla.org.xpi
1557996820052	addons.xpi	DEBUG	Calling bootstrap method startup on formautofill@mozilla.org version 1.0
1557996820055	addons.xpi	DEBUG	Loading bootstrap scope from C:\Program Files\Mozilla Firefox\browser\features\screenshots@mozilla.org.xpi
1557996820055	addons.xpi	DEBUG	Calling bootstrap method startup on screenshots@mozilla.org version 35.0.0
1557996820056	addons.xpi	DEBUG	Loading bootstrap scope from C:\Program Files\Mozilla Firefox\browser\features\webcompat@mozilla.org.xpi
1557996820057	addons.xpi	DEBUG	Calling bootstrap method startup on webcompat@mozilla.org version 3.0.2
1557996820058	addons.manager	DEBUG	Registering shutdown blocker for XPIProvider
1557996820058	addons.manager	DEBUG	Provider finished startup: XPIProvider
1557996820058	addons.manager	DEBUG	Starting provider: LightweightThemeManager
1557996820059	addons.manager	DEBUG	Registering shutdown blocker for LightweightThemeManager
1557996820059	addons.manager	DEBUG	Provider finished startup: LightweightThemeManager
1557996820059	addons.manager	DEBUG	Starting provider: GMPProvider
1557996820068	addons.manager	DEBUG	Registering shutdown blocker for GMPProvider
1557996820068	addons.manager	DEBUG	Provider finished startup: GMPProvider
1557996820068	addons.manager	DEBUG	Starting provider: PluginProvider
1557996820068	addons.manager	DEBUG	Registering shutdown blocker for PluginProvider
1557996820068	addons.manager	DEBUG	Provider finished startup: PluginProvider
1557996820077	addons.manager	DEBUG	Completed startup sequence
1557996821440	addons.xpi-utils	DEBUG	Starting async load of XPI database C:\Users\NTVNSV31\AppData\Local\Temp\anonymous2928976657432288469webdriver-profile\extensions.json
1557996821475	addons.xpi	DEBUG	Ignoring file: name is not a valid add-on ID: C:\Users\NTVNSV31\AppData\Local\Temp\anonymous2928976657432288469webdriver-profile\extensions\webdriver-staging
1557996821477	addons.xpi	DEBUG	Existing add-on formautofill@mozilla.org in app-system-defaults
1557996821477	addons.xpi	DEBUG	Existing add-on screenshots@mozilla.org in app-system-defaults
1557996821477	addons.xpi	DEBUG	Existing add-on webcompat-reporter@mozilla.org in app-system-defaults
1557996821477	addons.xpi	DEBUG	Existing add-on webcompat@mozilla.org in app-system-defaults
1557996821478	addons.xpi	DEBUG	scanForChanges changed: false, state: {}
1557996821646	addons.xpi-utils	DEBUG	Finished async read of XPI database, parsing...
*** Blocklist::_loadFileInternal: blocklist is disabled
1557996821768	addons.xpi-utils	DEBUG	Successfully read XPI database
1557996822512	addons.manager	DEBUG	Registering upgrade listener for formautofill@mozilla.org

Build info: version: '2.39.0', revision: '14fa800511cc5d66d426e08b0b2ab926c7ed7398', time: '2013-12-16 13:18:38'
System info: host: 'NTISHTCD31', ip: '10.180.20.34', os.name: 'Windows 10', os.arch: 'amd64', os.version: '10.0', java.version: '1.8.0_201'
Driver info: driver.version: FirefoxDriver
	at org.openqa.selenium.firefox.internal.NewProfileExtensionConnection.start(NewProfileExtensionConnection.java:130)
	at org.openqa.selenium.firefox.FirefoxDriver.startClient(FirefoxDriver.java:250)
	at org.openqa.selenium.remote.RemoteWebDriver.<init>(RemoteWebDriver.java:110)
	at org.openqa.selenium.firefox.FirefoxDriver.<init>(FirefoxDriver.java:195)
	at org.openqa.selenium.firefox.FirefoxDriver.<init>(FirefoxDriver.java:190)
	at org.openqa.selenium.firefox.FirefoxDriver.<init>(FirefoxDriver.java:186)
	at org.openqa.selenium.firefox.FirefoxDriver.<init>(FirefoxDriver.java:99)
	at com.mkyong.testng.examples.loadtest.TestMultipleThreads.loadTest(TestMultipleThreads.java:41)
	at java.util.concurrent.FutureTask.run(FutureTask.java:266)
	at java.util.concurrent.ThreadPoolExecutor.runWorker(ThreadPoolExecutor.java:1149)
	at java.util.concurrent.ThreadPoolExecutor$Worker.run(ThreadPoolExecutor.java:624)
	at java.lang.Thread.run(Thread.java:748)
Caused by: org.openqa.selenium.firefox.NotConnectedException: Unable to connect to host 127.0.0.1 on port 7055 after 45000 ms. Firefox console output:
Listeners":{"runtime":{"onMessage":[[]]}}}},"webcompat-reporter@mozilla.org":{"dependencies":[],"enabled":false,"lastModifiedTime":1553630782556,"loader":null,"path":"webcompat-reporter@mozilla.org.xpi","runInSafeMode":true,"telemetryKey":"webcompat-reporter%40mozilla.org:1.1.0","version":"1.1.0"},"webcompat@mozilla.org":{"dependencies":[],"enabled":true,"lastModifiedTime":1553630782557,"loader":null,"path":"webcompat@mozilla.org.xpi","runInSafeMode":true,"telemetryKey":"webcompat%40mozilla.org:3.0.2","version":"3.0.2"}},"staged":{},"path":"C:\\Program Files\\Mozilla Firefox\\browser\\features"}}
1557996820010	addons.xpi	DEBUG	Ignoring file: name is not a valid add-on ID: C:\Users\NTVNSV31\AppData\Local\Temp\anonymous2928976657432288469webdriver-profile\extensions\webdriver-staging
1557996820012	addons.xpi	DEBUG	Existing add-on formautofill@mozilla.org in app-system-defaults
1557996820013	addons.xpi	DEBUG	Existing add-on screenshots@mozilla.org in app-system-defaults
1557996820014	addons.xpi	DEBUG	Existing add-on webcompat-reporter@mozilla.org in app-system-defaults
1557996820014	addons.xpi	DEBUG	Existing add-on webcompat@mozilla.org in app-system-defaults
1557996820015	addons.xpi	DEBUG	scanForChanges changed: false, state: {}
1557996820016	addons.xpi	DEBUG	No changes found
1557996820023	addons.xpi	DEBUG	Loading bootstrap scope from C:\Program Files\Mozilla Firefox\browser\features\formautofill@mozilla.org.xpi
1557996820052	addons.xpi	DEBUG	Calling bootstrap method startup on formautofill@mozilla.org version 1.0
1557996820055	addons.xpi	DEBUG	Loading bootstrap scope from C:\Program Files\Mozilla Firefox\browser\features\screenshots@mozilla.org.xpi
1557996820055	addons.xpi	DEBUG	Calling bootstrap method startup on screenshots@mozilla.org version 35.0.0
1557996820056	addons.xpi	DEBUG	Loading bootstrap scope from C:\Program Files\Mozilla Firefox\browser\features\webcompat@mozilla.org.xpi
1557996820057	addons.xpi	DEBUG	Calling bootstrap method startup on webcompat@mozilla.org version 3.0.2
1557996820058	addons.manager	DEBUG	Registering shutdown blocker for XPIProvider
1557996820058	addons.manager	DEBUG	Provider finished startup: XPIProvider
1557996820058	addons.manager	DEBUG	Starting provider: LightweightThemeManager
1557996820059	addons.manager	DEBUG	Registering shutdown blocker for LightweightThemeManager
1557996820059	addons.manager	DEBUG	Provider finished startup: LightweightThemeManager
1557996820059	addons.manager	DEBUG	Starting provider: GMPProvider
1557996820068	addons.manager	DEBUG	Registering shutdown blocker for GMPProvider
1557996820068	addons.manager	DEBUG	Provider finished startup: GMPProvider
1557996820068	addons.manager	DEBUG	Starting provider: PluginProvider
1557996820068	addons.manager	DEBUG	Registering shutdown blocker for PluginProvider
1557996820068	addons.manager	DEBUG	Provider finished startup: PluginProvider
1557996820077	addons.manager	DEBUG	Completed startup sequence
1557996821440	addons.xpi-utils	DEBUG	Starting async load of XPI database C:\Users\NTVNSV31\AppData\Local\Temp\anonymous2928976657432288469webdriver-profile\extensions.json
1557996821475	addons.xpi	DEBUG	Ignoring file: name is not a valid add-on ID: C:\Users\NTVNSV31\AppData\Local\Temp\anonymous2928976657432288469webdriver-profile\extensions\webdriver-staging
1557996821477	addons.xpi	DEBUG	Existing add-on formautofill@mozilla.org in app-system-defaults
1557996821477	addons.xpi	DEBUG	Existing add-on screenshots@mozilla.org in app-system-defaults
1557996821477	addons.xpi	DEBUG	Existing add-on webcompat-reporter@mozilla.org in app-system-defaults
1557996821477	addons.xpi	DEBUG	Existing add-on webcompat@mozilla.org in app-system-defaults
1557996821478	addons.xpi	DEBUG	scanForChanges changed: false, state: {}
1557996821646	addons.xpi-utils	DEBUG	Finished async read of XPI database, parsing...
*** Blocklist::_loadFileInternal: blocklist is disabled
1557996821768	addons.xpi-utils	DEBUG	Successfully read XPI database
1557996822512	addons.manager	DEBUG	Registering upgrade listener for formautofill@mozilla.org

	at org.openqa.selenium.firefox.internal.NewProfileExtensionConnection.start(NewProfileExtensionConnection.java:118)
	... 22 more
... Removed 11 stack frames]]>
    </failure>
  </testcase> <!-- loadTest -->
  <testcase name="loadTest" time="145.204" classname="com.mkyong.testng.examples.loadtest.TestMultipleThreads">
    <failure type="org.openqa.selenium.WebDriverException" message="Unable to bind to locking port 7054 within 45000 ms
Build info: version: &amp;apos;2.39.0&amp;apos;, revision: &amp;apos;14fa800511cc5d66d426e08b0b2ab926c7ed7398&amp;apos;, time: &amp;apos;2013-12-16 13:18:38&amp;apos;
System info: host: &amp;apos;NTISHTCD31&amp;apos;, ip: &amp;apos;10.180.20.34&amp;apos;, os.name: &amp;apos;Windows 10&amp;apos;, os.arch: &amp;apos;amd64&amp;apos;, os.version: &amp;apos;10.0&amp;apos;, java.version: &amp;apos;1.8.0_201&amp;apos;
Driver info: driver.version: FirefoxDriver">
      <![CDATA[org.openqa.selenium.WebDriverException: Unable to bind to locking port 7054 within 45000 ms
Build info: version: '2.39.0', revision: '14fa800511cc5d66d426e08b0b2ab926c7ed7398', time: '2013-12-16 13:18:38'
System info: host: 'NTISHTCD31', ip: '10.180.20.34', os.name: 'Windows 10', os.arch: 'amd64', os.version: '10.0', java.version: '1.8.0_201'
Driver info: driver.version: FirefoxDriver
	at org.openqa.selenium.internal.SocketLock.lock(SocketLock.java:98)
	at org.openqa.selenium.firefox.internal.NewProfileExtensionConnection.start(NewProfileExtensionConnection.java:84)
	at org.openqa.selenium.firefox.FirefoxDriver.startClient(FirefoxDriver.java:250)
	at org.openqa.selenium.remote.RemoteWebDriver.<init>(RemoteWebDriver.java:110)
	at org.openqa.selenium.firefox.FirefoxDriver.<init>(FirefoxDriver.java:195)
	at org.openqa.selenium.firefox.FirefoxDriver.<init>(FirefoxDriver.java:190)
	at org.openqa.selenium.firefox.FirefoxDriver.<init>(FirefoxDriver.java:186)
	at org.openqa.selenium.firefox.FirefoxDriver.<init>(FirefoxDriver.java:99)
	at com.mkyong.testng.examples.loadtest.TestMultipleThreads.loadTest(TestMultipleThreads.java:41)
	at java.util.concurrent.FutureTask.run(FutureTask.java:266)
	at java.util.concurrent.ThreadPoolExecutor.runWorker(ThreadPoolExecutor.java:1149)
	at java.util.concurrent.ThreadPoolExecutor$Worker.run(ThreadPoolExecutor.java:624)
	at java.lang.Thread.run(Thread.java:748)
... Removed 11 stack frames]]>
    </failure>
  </testcase> <!-- loadTest -->
  <testcase name="loadTest" time="102.082" classname="com.mkyong.testng.examples.loadtest.TestMultipleThreads">
    <failure type="org.openqa.selenium.WebDriverException" message="Failed to connect to binary FirefoxBinary(C:\Program Files\Mozilla Firefox\firefox.exe) on port 7055; process output follows: 
ing bootstrap scope from C:\Program Files\Mozilla Firefox\browser\features\webcompat@mozilla.org.xpi
1557996868791	addons.xpi	DEBUG	Calling bootstrap method startup on webcompat@mozilla.org version 3.0.2
1557996868792	addons.manager	DEBUG	Registering shutdown blocker for XPIProvider
1557996868793	addons.manager	DEBUG	Provider finished startup: XPIProvider
1557996868793	addons.manager	DEBUG	Starting provider: LightweightThemeManager
1557996868793	addons.manager	DEBUG	Registering shutdown blocker for LightweightThemeManager
1557996868793	addons.manager	DEBUG	Provider finished startup: LightweightThemeManager
1557996868793	addons.manager	DEBUG	Starting provider: GMPProvider
1557996868801	addons.manager	DEBUG	Registering shutdown blocker for GMPProvider
1557996868801	addons.manager	DEBUG	Provider finished startup: GMPProvider
1557996868801	addons.manager	DEBUG	Starting provider: PluginProvider
1557996868801	addons.manager	DEBUG	Registering shutdown blocker for PluginProvider
1557996868801	addons.manager	DEBUG	Provider finished startup: PluginProvider
1557996868811	addons.manager	DEBUG	Completed startup sequence
1557996870072	addons.xpi-utils	DEBUG	Starting async load of XPI database C:\Users\NTVNSV31\AppData\Local\Temp\anonymous4946106460392480820webdriver-profile\extensions.json
1557996870105	addons.xpi	DEBUG	Ignoring file: name is not a valid add-on ID: C:\Users\NTVNSV31\AppData\Local\Temp\anonymous4946106460392480820webdriver-profile\extensions\webdriver-staging
1557996870106	addons.xpi	DEBUG	Existing add-on formautofill@mozilla.org in app-system-defaults
1557996870106	addons.xpi	DEBUG	Existing add-on screenshots@mozilla.org in app-system-defaults
1557996870106	addons.xpi	DEBUG	Existing add-on webcompat-reporter@mozilla.org in app-system-defaults
1557996870106	addons.xpi	DEBUG	Existing add-on webcompat@mozilla.org in app-system-defaults
1557996870107	addons.xpi	DEBUG	scanForChanges changed: false, state: {}
1557996870203	addons.xpi-utils	DEBUG	Finished async read of XPI database, parsing...
*** Blocklist::_loadFileInternal: blocklist is disabled
1557996870547	addons.xpi-utils	DEBUG	Successfully read XPI database
1557996870930	addons.manager	DEBUG	Registering upgrade listener for formautofill@mozilla.org
1557996874742	addons.xpi	DEBUG	Calling bootstrap method shutdown on webcompat@mozilla.org version 3.0.2
1557996874745	addons.xpi	DEBUG	Calling bootstrap method shutdown on screenshots@mozilla.org version 35.0.0
1557996874754	addons.xpi	DEBUG	Calling bootstrap method shutdown on formautofill@mozilla.org version 1.0
[Child 54712, Chrome_ChildThread] WARNING: pipe error: 109: file z:/build/build/src/ipc/chromium/src/chrome/common/ipc_channel_win.cc, line 332
[Child 52416, Chrome_ChildThread] WARNING: pipe error: 109: file z:/build/build/src/ipc/chrom[Child 53364, Chrome_ChildThread] WARNING: pipe error: 109: file z:/build/build/src/ipc/chromium/src/chrome/common/ipc_channel_win.cc, line 332
[Child 53364, Chrome_ChildThread]ium/src/chrome/common/ipc_channel_win.cc, line 332
[Child 24468, Chrome_ChildThread] WARNING: pipe error: 109: file z:/build/build/src/ipc/chromium/src/chrome/common/ipc_channel_win.cc, line 332
[Child 24468, Chrome_ChildThread] WARNING: pipe error: 109: file z:/build/build/src/ipc/chromium/src/chrome/common/ipc_channel_win.cc, line 332
1557996874899	addons.manager	DEBUG	shutdown
1557996874906	addons.manager	DEBUG	Calling shutdown blocker for XPIProvider
1557996874906	addons.xpi	DEBUG	shutdown
1557996874917	addons.xpi-utils	DEBUG	shutdown
1557996874918	addons.manager	DEBUG	Calling shutdown blocker for LightweightThemeManager
1557996874918	addons.manager	DEBUG	Calling shutdown blocker for GMPProvider
1557996874918	addons.manager	DEBUG	Calling shutdown blocker for PluginProvider
1557996874922	addons.manager	DEBUG	Async provider shutdown done
[GPU 26640, Chrome_ChildThread] WARNING: pipe error: 109: file z:/build/build/src/ipc/chromium/src/chrome/common/ipc_channel_win.cc, line 332

###!!! [Child][MessageChannel::SendAndWait] Error: Channel error: cannot send/recv


Build info: version: &amp;apos;2.39.0&amp;apos;, revision: &amp;apos;14fa800511cc5d66d426e08b0b2ab926c7ed7398&amp;apos;, time: &amp;apos;2013-12-16 13:18:38&amp;apos;
System info: host: &amp;apos;NTISHTCD31&amp;apos;, ip: &amp;apos;10.180.20.34&amp;apos;, os.name: &amp;apos;Windows 10&amp;apos;, os.arch: &amp;apos;amd64&amp;apos;, os.version: &amp;apos;10.0&amp;apos;, java.version: &amp;apos;1.8.0_201&amp;apos;
Driver info: driver.version: FirefoxDriver">
      <![CDATA[org.openqa.selenium.WebDriverException: Failed to connect to binary FirefoxBinary(C:\Program Files\Mozilla Firefox\firefox.exe) on port 7055; process output follows: 
ing bootstrap scope from C:\Program Files\Mozilla Firefox\browser\features\webcompat@mozilla.org.xpi
1557996868791	addons.xpi	DEBUG	Calling bootstrap method startup on webcompat@mozilla.org version 3.0.2
1557996868792	addons.manager	DEBUG	Registering shutdown blocker for XPIProvider
1557996868793	addons.manager	DEBUG	Provider finished startup: XPIProvider
1557996868793	addons.manager	DEBUG	Starting provider: LightweightThemeManager
1557996868793	addons.manager	DEBUG	Registering shutdown blocker for LightweightThemeManager
1557996868793	addons.manager	DEBUG	Provider finished startup: LightweightThemeManager
1557996868793	addons.manager	DEBUG	Starting provider: GMPProvider
1557996868801	addons.manager	DEBUG	Registering shutdown blocker for GMPProvider
1557996868801	addons.manager	DEBUG	Provider finished startup: GMPProvider
1557996868801	addons.manager	DEBUG	Starting provider: PluginProvider
1557996868801	addons.manager	DEBUG	Registering shutdown blocker for PluginProvider
1557996868801	addons.manager	DEBUG	Provider finished startup: PluginProvider
1557996868811	addons.manager	DEBUG	Completed startup sequence
1557996870072	addons.xpi-utils	DEBUG	Starting async load of XPI database C:\Users\NTVNSV31\AppData\Local\Temp\anonymous4946106460392480820webdriver-profile\extensions.json
1557996870105	addons.xpi	DEBUG	Ignoring file: name is not a valid add-on ID: C:\Users\NTVNSV31\AppData\Local\Temp\anonymous4946106460392480820webdriver-profile\extensions\webdriver-staging
1557996870106	addons.xpi	DEBUG	Existing add-on formautofill@mozilla.org in app-system-defaults
1557996870106	addons.xpi	DEBUG	Existing add-on screenshots@mozilla.org in app-system-defaults
1557996870106	addons.xpi	DEBUG	Existing add-on webcompat-reporter@mozilla.org in app-system-defaults
1557996870106	addons.xpi	DEBUG	Existing add-on webcompat@mozilla.org in app-system-defaults
1557996870107	addons.xpi	DEBUG	scanForChanges changed: false, state: {}
1557996870203	addons.xpi-utils	DEBUG	Finished async read of XPI database, parsing...
*** Blocklist::_loadFileInternal: blocklist is disabled
1557996870547	addons.xpi-utils	DEBUG	Successfully read XPI database
1557996870930	addons.manager	DEBUG	Registering upgrade listener for formautofill@mozilla.org
1557996874742	addons.xpi	DEBUG	Calling bootstrap method shutdown on webcompat@mozilla.org version 3.0.2
1557996874745	addons.xpi	DEBUG	Calling bootstrap method shutdown on screenshots@mozilla.org version 35.0.0
1557996874754	addons.xpi	DEBUG	Calling bootstrap method shutdown on formautofill@mozilla.org version 1.0
[Child 54712, Chrome_ChildThread] WARNING: pipe error: 109: file z:/build/build/src/ipc/chromium/src/chrome/common/ipc_channel_win.cc, line 332
[Child 52416, Chrome_ChildThread] WARNING: pipe error: 109: file z:/build/build/src/ipc/chrom[Child 53364, Chrome_ChildThread] WARNING: pipe error: 109: file z:/build/build/src/ipc/chromium/src/chrome/common/ipc_channel_win.cc, line 332
[Child 53364, Chrome_ChildThread]ium/src/chrome/common/ipc_channel_win.cc, line 332
[Child 24468, Chrome_ChildThread] WARNING: pipe error: 109: file z:/build/build/src/ipc/chromium/src/chrome/common/ipc_channel_win.cc, line 332
[Child 24468, Chrome_ChildThread] WARNING: pipe error: 109: file z:/build/build/src/ipc/chromium/src/chrome/common/ipc_channel_win.cc, line 332
1557996874899	addons.manager	DEBUG	shutdown
1557996874906	addons.manager	DEBUG	Calling shutdown blocker for XPIProvider
1557996874906	addons.xpi	DEBUG	shutdown
1557996874917	addons.xpi-utils	DEBUG	shutdown
1557996874918	addons.manager	DEBUG	Calling shutdown blocker for LightweightThemeManager
1557996874918	addons.manager	DEBUG	Calling shutdown blocker for GMPProvider
1557996874918	addons.manager	DEBUG	Calling shutdown blocker for PluginProvider
1557996874922	addons.manager	DEBUG	Async provider shutdown done
[GPU 26640, Chrome_ChildThread] WARNING: pipe error: 109: file z:/build/build/src/ipc/chromium/src/chrome/common/ipc_channel_win.cc, line 332

###!!! [Child][MessageChannel::SendAndWait] Error: Channel error: cannot send/recv


Build info: version: '2.39.0', revision: '14fa800511cc5d66d426e08b0b2ab926c7ed7398', time: '2013-12-16 13:18:38'
System info: host: 'NTISHTCD31', ip: '10.180.20.34', os.name: 'Windows 10', os.arch: 'amd64', os.version: '10.0', java.version: '1.8.0_201'
Driver info: driver.version: FirefoxDriver
	at org.openqa.selenium.firefox.internal.NewProfileExtensionConnection.start(NewProfileExtensionConnection.java:130)
	at org.openqa.selenium.firefox.FirefoxDriver.startClient(FirefoxDriver.java:250)
	at org.openqa.selenium.remote.RemoteWebDriver.<init>(RemoteWebDriver.java:110)
	at org.openqa.selenium.firefox.FirefoxDriver.<init>(FirefoxDriver.java:195)
	at org.openqa.selenium.firefox.FirefoxDriver.<init>(FirefoxDriver.java:190)
	at org.openqa.selenium.firefox.FirefoxDriver.<init>(FirefoxDriver.java:186)
	at org.openqa.selenium.firefox.FirefoxDriver.<init>(FirefoxDriver.java:99)
	at com.mkyong.testng.examples.loadtest.TestMultipleThreads.loadTest(TestMultipleThreads.java:41)
	at java.util.concurrent.FutureTask.run(FutureTask.java:266)
	at java.util.concurrent.ThreadPoolExecutor.runWorker(ThreadPoolExecutor.java:1149)
	at java.util.concurrent.ThreadPoolExecutor$Worker.run(ThreadPoolExecutor.java:624)
	at java.lang.Thread.run(Thread.java:748)
Caused by: org.openqa.selenium.firefox.NotConnectedException: Unable to connect to host 127.0.0.1 on port 7055 after 45000 ms. Firefox console output:
ing bootstrap scope from C:\Program Files\Mozilla Firefox\browser\features\webcompat@mozilla.org.xpi
1557996868791	addons.xpi	DEBUG	Calling bootstrap method startup on webcompat@mozilla.org version 3.0.2
1557996868792	addons.manager	DEBUG	Registering shutdown blocker for XPIProvider
1557996868793	addons.manager	DEBUG	Provider finished startup: XPIProvider
1557996868793	addons.manager	DEBUG	Starting provider: LightweightThemeManager
1557996868793	addons.manager	DEBUG	Registering shutdown blocker for LightweightThemeManager
1557996868793	addons.manager	DEBUG	Provider finished startup: LightweightThemeManager
1557996868793	addons.manager	DEBUG	Starting provider: GMPProvider
1557996868801	addons.manager	DEBUG	Registering shutdown blocker for GMPProvider
1557996868801	addons.manager	DEBUG	Provider finished startup: GMPProvider
1557996868801	addons.manager	DEBUG	Starting provider: PluginProvider
1557996868801	addons.manager	DEBUG	Registering shutdown blocker for PluginProvider
1557996868801	addons.manager	DEBUG	Provider finished startup: PluginProvider
1557996868811	addons.manager	DEBUG	Completed startup sequence
1557996870072	addons.xpi-utils	DEBUG	Starting async load of XPI database C:\Users\NTVNSV31\AppData\Local\Temp\anonymous4946106460392480820webdriver-profile\extensions.json
1557996870105	addons.xpi	DEBUG	Ignoring file: name is not a valid add-on ID: C:\Users\NTVNSV31\AppData\Local\Temp\anonymous4946106460392480820webdriver-profile\extensions\webdriver-staging
1557996870106	addons.xpi	DEBUG	Existing add-on formautofill@mozilla.org in app-system-defaults
1557996870106	addons.xpi	DEBUG	Existing add-on screenshots@mozilla.org in app-system-defaults
1557996870106	addons.xpi	DEBUG	Existing add-on webcompat-reporter@mozilla.org in app-system-defaults
1557996870106	addons.xpi	DEBUG	Existing add-on webcompat@mozilla.org in app-system-defaults
1557996870107	addons.xpi	DEBUG	scanForChanges changed: false, state: {}
1557996870203	addons.xpi-utils	DEBUG	Finished async read of XPI database, parsing...
*** Blocklist::_loadFileInternal: blocklist is disabled
1557996870547	addons.xpi-utils	DEBUG	Successfully read XPI database
1557996870930	addons.manager	DEBUG	Registering upgrade listener for formautofill@mozilla.org
1557996874742	addons.xpi	DEBUG	Calling bootstrap method shutdown on webcompat@mozilla.org version 3.0.2
1557996874745	addons.xpi	DEBUG	Calling bootstrap method shutdown on screenshots@mozilla.org version 35.0.0
1557996874754	addons.xpi	DEBUG	Calling bootstrap method shutdown on formautofill@mozilla.org version 1.0
[Child 54712, Chrome_ChildThread] WARNING: pipe error: 109: file z:/build/build/src/ipc/chromium/src/chrome/common/ipc_channel_win.cc, line 332
[Child 52416, Chrome_ChildThread] WARNING: pipe error: 109: file z:/build/build/src/ipc/chrom[Child 53364, Chrome_ChildThread] WARNING: pipe error: 109: file z:/build/build/src/ipc/chromium/src/chrome/common/ipc_channel_win.cc, line 332
[Child 53364, Chrome_ChildThread]ium/src/chrome/common/ipc_channel_win.cc, line 332
[Child 24468, Chrome_ChildThread] WARNING: pipe error: 109: file z:/build/build/src/ipc/chromium/src/chrome/common/ipc_channel_win.cc, line 332
[Child 24468, Chrome_ChildThread] WARNING: pipe error: 109: file z:/build/build/src/ipc/chromium/src/chrome/common/ipc_channel_win.cc, line 332
1557996874899	addons.manager	DEBUG	shutdown
1557996874906	addons.manager	DEBUG	Calling shutdown blocker for XPIProvider
1557996874906	addons.xpi	DEBUG	shutdown
1557996874917	addons.xpi-utils	DEBUG	shutdown
1557996874918	addons.manager	DEBUG	Calling shutdown blocker for LightweightThemeManager
1557996874918	addons.manager	DEBUG	Calling shutdown blocker for GMPProvider
1557996874918	addons.manager	DEBUG	Calling shutdown blocker for PluginProvider
1557996874922	addons.manager	DEBUG	Async provider shutdown done
[GPU 26640, Chrome_ChildThread] WARNING: pipe error: 109: file z:/build/build/src/ipc/chromium/src/chrome/common/ipc_channel_win.cc, line 332

###!!! [Child][MessageChannel::SendAndWait] Error: Channel error: cannot send/recv


	at org.openqa.selenium.firefox.internal.NewProfileExtensionConnection.start(NewProfileExtensionConnection.java:118)
	... 22 more
... Removed 11 stack frames]]>
    </failure>
  </testcase> <!-- loadTest -->
  <testcase name="loadTest" time="97.493" classname="com.mkyong.testng.examples.loadtest.TestMultipleThreads">
    <failure type="org.openqa.selenium.WebDriverException" message="Unable to bind to locking port 7054 within 45000 ms
Build info: version: &amp;apos;2.39.0&amp;apos;, revision: &amp;apos;14fa800511cc5d66d426e08b0b2ab926c7ed7398&amp;apos;, time: &amp;apos;2013-12-16 13:18:38&amp;apos;
System info: host: &amp;apos;NTISHTCD31&amp;apos;, ip: &amp;apos;10.180.20.34&amp;apos;, os.name: &amp;apos;Windows 10&amp;apos;, os.arch: &amp;apos;amd64&amp;apos;, os.version: &amp;apos;10.0&amp;apos;, java.version: &amp;apos;1.8.0_201&amp;apos;
Driver info: driver.version: FirefoxDriver">
      <![CDATA[org.openqa.selenium.WebDriverException: Unable to bind to locking port 7054 within 45000 ms
Build info: version: '2.39.0', revision: '14fa800511cc5d66d426e08b0b2ab926c7ed7398', time: '2013-12-16 13:18:38'
System info: host: 'NTISHTCD31', ip: '10.180.20.34', os.name: 'Windows 10', os.arch: 'amd64', os.version: '10.0', java.version: '1.8.0_201'
Driver info: driver.version: FirefoxDriver
	at org.openqa.selenium.internal.SocketLock.lock(SocketLock.java:98)
	at org.openqa.selenium.firefox.internal.NewProfileExtensionConnection.start(NewProfileExtensionConnection.java:84)
	at org.openqa.selenium.firefox.FirefoxDriver.startClient(FirefoxDriver.java:250)
	at org.openqa.selenium.remote.RemoteWebDriver.<init>(RemoteWebDriver.java:110)
	at org.openqa.selenium.firefox.FirefoxDriver.<init>(FirefoxDriver.java:195)
	at org.openqa.selenium.firefox.FirefoxDriver.<init>(FirefoxDriver.java:190)
	at org.openqa.selenium.firefox.FirefoxDriver.<init>(FirefoxDriver.java:186)
	at org.openqa.selenium.firefox.FirefoxDriver.<init>(FirefoxDriver.java:99)
	at com.mkyong.testng.examples.loadtest.TestMultipleThreads.loadTest(TestMultipleThreads.java:41)
	at java.util.concurrent.FutureTask.run(FutureTask.java:266)
	at java.util.concurrent.ThreadPoolExecutor.runWorker(ThreadPoolExecutor.java:1149)
	at java.util.concurrent.ThreadPoolExecutor$Worker.run(ThreadPoolExecutor.java:624)
	at java.lang.Thread.run(Thread.java:748)
... Removed 11 stack frames]]>
    </failure>
  </testcase> <!-- loadTest -->
  <testcase name="loadTest" time="201.901" classname="com.mkyong.testng.examples.loadtest.TestMultipleThreads">
    <failure type="org.openqa.selenium.WebDriverException" message="Failed to connect to binary FirefoxBinary(C:\Program Files\Mozilla Firefox\firefox.exe) on port 7055; process output follows: 
1557996917870	addons.manager	DEBUG	Provider finished startup: XPIProvider
1557996917870	addons.manager	DEBUG	Starting provider: LightweightThemeManager
1557996917870	addons.manager	DEBUG	Registering shutdown blocker for LightweightThemeManager
1557996917870	addons.manager	DEBUG	Provider finished startup: LightweightThemeManager
1557996917871	addons.manager	DEBUG	Starting provider: GMPProvider
1557996917880	addons.manager	DEBUG	Registering shutdown blocker for GMPProvider
1557996917880	addons.manager	DEBUG	Provider finished startup: GMPProvider
1557996917880	addons.manager	DEBUG	Starting provider: PluginProvider
1557996917880	addons.manager	DEBUG	Registering shutdown blocker for PluginProvider
1557996917880	addons.manager	DEBUG	Provider finished startup: PluginProvider
1557996917891	addons.manager	DEBUG	Completed startup sequence
1557996919193	addons.xpi-utils	DEBUG	Starting async load of XPI database C:\Users\NTVNSV31\AppData\Local\Temp\anonymous6897636508123050479webdriver-profile\extensions.json
1557996919227	addons.xpi	DEBUG	Ignoring file: name is not a valid add-on ID: C:\Users\NTVNSV31\AppData\Local\Temp\anonymous6897636508123050479webdriver-profile\extensions\webdriver-staging
1557996919229	addons.xpi	DEBUG	Existing add-on formautofill@mozilla.org in app-system-defaults
1557996919229	addons.xpi	DEBUG	Existing add-on screenshots@mozilla.org in app-system-defaults
1557996919229	addons.xpi	DEBUG	Existing add-on webcompat-reporter@mozilla.org in app-system-defaults
1557996919229	addons.xpi	DEBUG	Existing add-on webcompat@mozilla.org in app-system-defaults
1557996919231	addons.xpi	DEBUG	scanForChanges changed: false, state: {}
1557996919408	addons.xpi-utils	DEBUG	Finished async read of XPI database, parsing...
*** Blocklist::_loadFileInternal: blocklist is disabled
1557996919625	addons.xpi-utils	DEBUG	Successfully read XPI database
1557996920261	addons.manager	DEBUG	Registering upgrade listener for formautofill@mozilla.org
1557996920995	addons.xpi	DEBUG	Calling bootstrap method shutdown on webcompat@mozilla.org version 3.0.2
1557996921000	addons.xpi	DEBUG	Calling bootstrap method shutdown on screenshots@mozilla.org version 35.0.0
1557996921004	addons.xpi	DEBUG	Calling bootstrap method shutdown on formautofill@mozilla.org version 1.0
[Child 48456, Chrome_ChildThread] WARNING: pipe error: 109: file z:/build/build/src/ipc/chromium/src/chrome/common/ipc_channel_win.cc, line 332
[Child 49096, Chrome_ChildThread] WARNING: pipe error: 109: file z:/build/build/src/ipc/chromium/src/chrome/common/ipc_channel_win.cc, line 332
[Child 49096, Chrome_ChildThrea[d] ChiWARNING:l pidp 35888,e  errCor: 109: file z:/build/hburomeild/_Chsilrdc/ipc/cThhread] WARNING: pipe error: 109: file z:/build/build/src/ipc/chromium/src/chrome/common/ipc_channel_win.cc, line 332
[Child 35888, Chrome_ChildThread] WARNING: pipe error: 109: file z:/build/build/src/ipc/chromium/src/chrome/common/ipc_channel_win.cc, line 332

###!!! [Parent][MessageChannel] Error: (msgtype=0x1B0011,name=PBackgroundStorage::Msg_Observe) Channel error: cannot send/recv

[Parent 48104, Gecko_IOThread] WARNING: pipe error: 109: file z:/build/build/src/ipc/chromium/src/chrome/common/ipc_channel_win.cc, line 332
1557996921277	addons.manager	DEBUG	shutdown
1557996921282	addons.manager	DEBUG	Calling shutdown blocker for XPIProvider
1557996921282	addons.xpi	DEBUG	shutdown
1557996921300	addons.xpi-utils	DEBUG	shutdown
1557996921300	addons.manager	DEBUG	Calling shutdown blocker for LightweightThemeManager
1557996921300	addons.manager	DEBUG	Calling shutdown blocker for GMPProvider
1557996921300	addons.manager	DEBUG	Calling shutdown blocker for PluginProvider
1557996921321	addons.manager	DEBUG	Async provider shutdown done
[GPU 37112, Chrome_ChildThread] WARNING: pipe error: 109: f
###!!! [Child][RunMessage] Error: Channel closing: too late to send/recv, messages will be lost

ile z:/build/build/src/ipc/chromium/src/chrome/common/ipc_channel_win.cc, line 332

###!!! [Child][MessageChannel::SendAndWait] Error: Channel error: cannot send/recv


Build info: version: &amp;apos;2.39.0&amp;apos;, revision: &amp;apos;14fa800511cc5d66d426e08b0b2ab926c7ed7398&amp;apos;, time: &amp;apos;2013-12-16 13:18:38&amp;apos;
System info: host: &amp;apos;NTISHTCD31&amp;apos;, ip: &amp;apos;10.180.20.34&amp;apos;, os.name: &amp;apos;Windows 10&amp;apos;, os.arch: &amp;apos;amd64&amp;apos;, os.version: &amp;apos;10.0&amp;apos;, java.version: &amp;apos;1.8.0_201&amp;apos;
Driver info: driver.version: FirefoxDriver">
      <![CDATA[org.openqa.selenium.WebDriverException: Failed to connect to binary FirefoxBinary(C:\Program Files\Mozilla Firefox\firefox.exe) on port 7055; process output follows: 
1557996917870	addons.manager	DEBUG	Provider finished startup: XPIProvider
1557996917870	addons.manager	DEBUG	Starting provider: LightweightThemeManager
1557996917870	addons.manager	DEBUG	Registering shutdown blocker for LightweightThemeManager
1557996917870	addons.manager	DEBUG	Provider finished startup: LightweightThemeManager
1557996917871	addons.manager	DEBUG	Starting provider: GMPProvider
1557996917880	addons.manager	DEBUG	Registering shutdown blocker for GMPProvider
1557996917880	addons.manager	DEBUG	Provider finished startup: GMPProvider
1557996917880	addons.manager	DEBUG	Starting provider: PluginProvider
1557996917880	addons.manager	DEBUG	Registering shutdown blocker for PluginProvider
1557996917880	addons.manager	DEBUG	Provider finished startup: PluginProvider
1557996917891	addons.manager	DEBUG	Completed startup sequence
1557996919193	addons.xpi-utils	DEBUG	Starting async load of XPI database C:\Users\NTVNSV31\AppData\Local\Temp\anonymous6897636508123050479webdriver-profile\extensions.json
1557996919227	addons.xpi	DEBUG	Ignoring file: name is not a valid add-on ID: C:\Users\NTVNSV31\AppData\Local\Temp\anonymous6897636508123050479webdriver-profile\extensions\webdriver-staging
1557996919229	addons.xpi	DEBUG	Existing add-on formautofill@mozilla.org in app-system-defaults
1557996919229	addons.xpi	DEBUG	Existing add-on screenshots@mozilla.org in app-system-defaults
1557996919229	addons.xpi	DEBUG	Existing add-on webcompat-reporter@mozilla.org in app-system-defaults
1557996919229	addons.xpi	DEBUG	Existing add-on webcompat@mozilla.org in app-system-defaults
1557996919231	addons.xpi	DEBUG	scanForChanges changed: false, state: {}
1557996919408	addons.xpi-utils	DEBUG	Finished async read of XPI database, parsing...
*** Blocklist::_loadFileInternal: blocklist is disabled
1557996919625	addons.xpi-utils	DEBUG	Successfully read XPI database
1557996920261	addons.manager	DEBUG	Registering upgrade listener for formautofill@mozilla.org
1557996920995	addons.xpi	DEBUG	Calling bootstrap method shutdown on webcompat@mozilla.org version 3.0.2
1557996921000	addons.xpi	DEBUG	Calling bootstrap method shutdown on screenshots@mozilla.org version 35.0.0
1557996921004	addons.xpi	DEBUG	Calling bootstrap method shutdown on formautofill@mozilla.org version 1.0
[Child 48456, Chrome_ChildThread] WARNING: pipe error: 109: file z:/build/build/src/ipc/chromium/src/chrome/common/ipc_channel_win.cc, line 332
[Child 49096, Chrome_ChildThread] WARNING: pipe error: 109: file z:/build/build/src/ipc/chromium/src/chrome/common/ipc_channel_win.cc, line 332
[Child 49096, Chrome_ChildThrea[d] ChiWARNING:l pidp 35888,e  errCor: 109: file z:/build/hburomeild/_Chsilrdc/ipc/cThhread] WARNING: pipe error: 109: file z:/build/build/src/ipc/chromium/src/chrome/common/ipc_channel_win.cc, line 332
[Child 35888, Chrome_ChildThread] WARNING: pipe error: 109: file z:/build/build/src/ipc/chromium/src/chrome/common/ipc_channel_win.cc, line 332

###!!! [Parent][MessageChannel] Error: (msgtype=0x1B0011,name=PBackgroundStorage::Msg_Observe) Channel error: cannot send/recv

[Parent 48104, Gecko_IOThread] WARNING: pipe error: 109: file z:/build/build/src/ipc/chromium/src/chrome/common/ipc_channel_win.cc, line 332
1557996921277	addons.manager	DEBUG	shutdown
1557996921282	addons.manager	DEBUG	Calling shutdown blocker for XPIProvider
1557996921282	addons.xpi	DEBUG	shutdown
[...]
	... 41 more
... Removed 34 stack frames]]>
    </failure>
  </testcase> <!-- loadTestThisWebsite -->
  <testcase name="loadTestThisWebsite" time="48.446" classname="com.mkyong.testng.examples.loadtest.TestMultipleThreads">
    <failure type="org.openqa.selenium.WebDriverException" message="Failed to connect to binary FirefoxBinary(C:\Program Files\Mozilla Firefox\firefox.exe) on port 7055; process output follows: 
Listeners&amp;quot;:{&amp;quot;runtime&amp;quot;:{&amp;quot;onMessage&amp;quot;:[[]]}}}},&amp;quot;webcompat-reporter@mozilla.org&amp;quot;:{&amp;quot;dependencies&amp;quot;:[],&amp;quot;enabled&amp;quot;:false,&amp;quot;lastModifiedTime&amp;quot;:1553630782556,&amp;quot;loader&amp;quot;:null,&amp;quot;path&amp;quot;:&amp;quot;webcompat-reporter@mozilla.org.xpi&amp;quot;,&amp;quot;runInSafeMode&amp;quot;:true,&amp;quot;telemetryKey&amp;quot;:&amp;quot;webcompat-reporter%40mozilla.org:1.1.0&amp;quot;,&amp;quot;version&amp;quot;:&amp;quot;1.1.0&amp;quot;},&amp;quot;webcompat@mozilla.org&amp;quot;:{&amp;quot;dependencies&amp;quot;:[],&amp;quot;enabled&amp;quot;:true,&amp;quot;lastModifiedTime&amp;quot;:1553630782557,&amp;quot;loader&amp;quot;:null,&amp;quot;path&amp;quot;:&amp;quot;webcompat@mozilla.org.xpi&amp;quot;,&amp;quot;runInSafeMode&amp;quot;:true,&amp;quot;telemetryKey&amp;quot;:&amp;quot;webcompat%40mozilla.org:3.0.2&amp;quot;,&amp;quot;version&amp;quot;:&amp;quot;3.0.2&amp;quot;}},&amp;quot;staged&amp;quot;:{},&amp;quot;path&amp;quot;:&amp;quot;C:\\Program Files\\Mozilla Firefox\\browser\\features&amp;quot;}}
1557997162207	addons.xpi	DEBUG	Ignoring file: name is not a valid add-on ID: C:\Users\NTVNSV31\AppData\Local\Temp\anonymous4324848790195332605webdriver-profile\extensions\webdriver-staging
1557997162208	addons.xpi	DEBUG	Existing add-on formautofill@mozilla.org in app-system-defaults
1557997162209	addons.xpi	DEBUG	Existing add-on screenshots@mozilla.org in app-system-defaults
1557997162210	addons.xpi	DEBUG	Existing add-on webcompat-reporter@mozilla.org in app-system-defaults
1557997162210	addons.xpi	DEBUG	Existing add-on webcompat@mozilla.org in app-system-defaults
1557997162211	addons.xpi	DEBUG	scanForChanges changed: false, state: {}
1557997162212	addons.xpi	DEBUG	No changes found
1557997162217	addons.xpi	DEBUG	Loading bootstrap scope from C:\Program Files\Mozilla Firefox\browser\features\formautofill@mozilla.org.xpi
1557997162242	addons.xpi	DEBUG	Calling bootstrap method startup on formautofill@mozilla.org version 1.0
1557997162244	addons.xpi	DEBUG	Loading bootstrap scope from C:\Program Files\Mozilla Firefox\browser\features\screenshots@mozilla.org.xpi
1557997162245	addons.xpi	DEBUG	Calling bootstrap method startup on screenshots@mozilla.org version 35.0.0
1557997162245	addons.xpi	DEBUG	Loading bootstrap scope from C:\Program Files\Mozilla Firefox\browser\features\webcompat@mozilla.org.xpi
1557997162246	addons.xpi	DEBUG	Calling bootstrap method startup on webcompat@mozilla.org version 3.0.2
1557997162248	addons.manager	DEBUG	Registering shutdown blocker for XPIProvider
1557997162248	addons.manager	DEBUG	Provider finished startup: XPIProvider
1557997162248	addons.manager	DEBUG	Starting provider: LightweightThemeManager
1557997162248	addons.manager	DEBUG	Registering shutdown blocker for LightweightThemeManager
1557997162248	addons.manager	DEBUG	Provider finished startup: LightweightThemeManager
1557997162249	addons.manager	DEBUG	Starting provider: GMPProvider
1557997162256	addons.manager	DEBUG	Registering shutdown blocker for GMPProvider
1557997162256	addons.manager	DEBUG	Provider finished startup: GMPProvider
1557997162256	addons.manager	DEBUG	Starting provider: PluginProvider
1557997162256	addons.manager	DEBUG	Registering shutdown blocker for PluginProvider
1557997162256	addons.manager	DEBUG	Provider finished startup: PluginProvider
1557997162264	addons.manager	DEBUG	Completed startup sequence
1557997163552	addons.xpi-utils	DEBUG	Starting async load of XPI database C:\Users\NTVNSV31\AppData\Local\Temp\anonymous4324848790195332605webdriver-profile\extensions.json
1557997163586	addons.xpi	DEBUG	Ignoring file: name is not a valid add-on ID: C:\Users\NTVNSV31\AppData\Local\Temp\anonymous4324848790195332605webdriver-profile\extensions\webdriver-staging
1557997163588	addons.xpi	DEBUG	Existing add-on formautofill@mozilla.org in app-system-defaults
1557997163588	addons.xpi	DEBUG	Existing add-on screenshots@mozilla.org in app-system-defaults
1557997163588	addons.xpi	DEBUG	Existing add-on webcompat-reporter@mozilla.org in app-system-defaults
1557997163588	addons.xpi	DEBUG	Existing add-on webcompat@mozilla.org in app-system-defaults
1557997163589	addons.xpi	DEBUG	scanForChanges changed: false, state: {}
1557997163751	addons.xpi-utils	DEBUG	Finished async read of XPI database, parsing...
*** Blocklist::_loadFileInternal: blocklist is disabled
1557997163929	addons.xpi-utils	DEBUG	Successfully read XPI database
1557997164396	addons.manager	DEBUG	Registering upgrade listener for formautofill@mozilla.org

Build info: version: &amp;apos;2.39.0&amp;apos;, revision: &amp;apos;14fa800511cc5d66d426e08b0b2ab926c7ed7398&amp;apos;, time: &amp;apos;2013-12-16 13:18:38&amp;apos;
System info: host: &amp;apos;NTISHTCD31&amp;apos;, ip: &amp;apos;10.180.20.34&amp;apos;, os.name: &amp;apos;Windows 10&amp;apos;, os.arch: &amp;apos;amd64&amp;apos;, os.version: &amp;apos;10.0&amp;apos;, java.version: &amp;apos;1.8.0_201&amp;apos;
Driver info: driver.version: FirefoxDriver">
      <![CDATA[org.openqa.selenium.WebDriverException: Failed to connect to binary FirefoxBinary(C:\Program Files\Mozilla Firefox\firefox.exe) on port 7055; process output follows: 
Listeners":{"runtime":{"onMessage":[[]]}}}},"webcompat-reporter@mozilla.org":{"dependencies":[],"enabled":false,"lastModifiedTime":1553630782556,"loader":null,"path":"webcompat-reporter@mozilla.org.xpi","runInSafeMode":true,"telemetryKey":"webcompat-reporter%40mozilla.org:1.1.0","version":"1.1.0"},"webcompat@mozilla.org":{"dependencies":[],"enabled":true,"lastModifiedTime":1553630782557,"loader":null,"path":"webcompat@mozilla.org.xpi","runInSafeMode":true,"telemetryKey":"webcompat%40mozilla.org:3.0.2","version":"3.0.2"}},"staged":{},"path":"C:\\Program Files\\Mozilla Firefox\\browser\\features"}}
1557997162207	addons.xpi	DEBUG	Ignoring file: name is not a valid add-on ID: C:\Users\NTVNSV31\AppData\Local\Temp\anonymous4324848790195332605webdriver-profile\extensions\webdriver-staging
1557997162208	addons.xpi	DEBUG	Existing add-on formautofill@mozilla.org in app-system-defaults
1557997162209	addons.xpi	DEBUG	Existing add-on screenshots@mozilla.org in app-system-defaults
1557997162210	addons.xpi	DEBUG	Existing add-on webcompat-reporter@mozilla.org in app-system-defaults
1557997162210	addons.xpi	DEBUG	Existing add-on webcompat@mozilla.org in app-system-defaults
1557997162211	addons.xpi	DEBUG	scanForChanges changed: false, state: {}
1557997162212	addons.xpi	DEBUG	No changes found
1557997162217	addons.xpi	DEBUG	Loading bootstrap scope from C:\Program Files\Mozilla Firefox\browser\features\formautofill@mozilla.org.xpi
1557997162242	addons.xpi	DEBUG	Calling bootstrap method startup on formautofill@mozilla.org version 1.0
1557997162244	addons.xpi	DEBUG	Loading bootstrap scope from C:\Program Files\Mozilla Firefox\browser\features\screenshots@mozilla.org.xpi
1557997162245	addons.xpi	DEBUG	Calling bootstrap method startup on screenshots@mozilla.org version 35.0.0
1557997162245	addons.xpi	DEBUG	Loading bootstrap scope from C:\Program Files\Mozilla Firefox\browser\features\webcompat@mozilla.org.xpi
1557997162246	addons.xpi	DEBUG	Calling bootstrap method startup on webcompat@mozilla.org version 3.0.2
1557997162248	addons.manager	DEBUG	Registering shutdown blocker for XPIProvider
1557997162248	addons.manager	DEBUG	Provider finished startup: XPIProvider
1557997162248	addons.manager	DEBUG	Starting provider: LightweightThemeManager
1557997162248	addons.manager	DEBUG	Registering shutdown blocker for LightweightThemeManager
1557997162248	addons.manager	DEBUG	Provider finished startup: LightweightThemeManager
1557997162249	addons.manager	DEBUG	Starting provider: GMPProvider
1557997162256	addons.manager	DEBUG	Registering shutdown blocker for GMPProvider
1557997162256	addons.manager	DEBUG	Provider finished startup: GMPProvider
1557997162256	addons.manager	DEBUG	Starting provider: PluginProvider
1557997162256	addons.manager	DEBUG	Registering shutdown blocker for PluginProvider
1557997162256	addons.manager	DEBUG	Provider finished startup: PluginProvider
1557997162264	addons.manager	DEBUG	Completed startup sequence
1557997163552	addons.xpi-utils	DEBUG	Starting async load of XPI database C:\Users\NTVNSV31\AppData\Local\Temp\anonymous4324848790195332605webdriver-profile\extensions.json
1557997163586	addons.xpi	DEBUG	Ignoring file: name is not a valid add-on ID: C:\Users\NTVNSV31\AppData\Local\Temp\anonymous4324848790195332605webdriver-profile\extensions\webdriver-staging
1557997163588	addons.xpi	DEBUG	Existing add-on formautofill@mozilla.org in app-system-defaults
1557997163588	addons.xpi	DEBUG	Existing add-on screenshots@mozilla.org in app-system-defaults
1557997163588	addons.xpi	DEBUG	Existing add-on webcompat-reporter@mozilla.org in app-system-defaults
1557997163588	addons.xpi	DEBUG	Existing add-on webcompat@mozilla.org in app-system-defaults
1557997163589	addons.xpi	DEBUG	scanForChanges changed: false, state: {}
1557997163751	addons.xpi-utils	DEBUG	Finished async read of XPI database, parsing...
*** Blocklist::_loadFileInternal: blocklist is disabled
1557997163929	addons.xpi-utils	DEBUG	Successfully read XPI database
1557997164396	addons.manager	DEBUG	Registering upgrade listener for formautofill@mozilla.org

Build info: version: '2.39.0', revision: '14fa800511cc5d66d426e08b0b2ab926c7ed7398', time: '2013-12-16 13:18:38'
System info: host: 'NTISHTCD31', ip: '10.180.20.34', os.name: 'Windows 10', os.arch: 'amd64', os.version: '10.0', java.version: '1.8.0_201'
Driver info: driver.version: FirefoxDriver
	at org.openqa.selenium.firefox.internal.NewProfileExtensionConnection.start(NewProfileExtensionConnection.java:130)
	at org.openqa.selenium.firefox.FirefoxDriver.startClient(FirefoxDriver.java:250)
	at org.openqa.selenium.remote.RemoteWebDriver.<init>(RemoteWebDriver.java:110)
	at org.openqa.selenium.firefox.FirefoxDriver.<init>(FirefoxDriver.java:195)
	at org.openqa.selenium.firefox.FirefoxDriver.<init>(FirefoxDriver.java:190)
	at org.openqa.selenium.firefox.FirefoxDriver.<init>(FirefoxDriver.java:186)
	at org.openqa.selenium.firefox.FirefoxDriver.<init>(FirefoxDriver.java:99)
	at com.mkyong.testng.examples.loadtest.TestMultipleThreads.loadTestThisWebsite(TestMultipleThreads.java:22)
Caused by: org.openqa.selenium.firefox.NotConnectedException: Unable to connect to host 127.0.0.1 on port 7055 after 45000 ms. Firefox console output:
Listeners":{"runtime":{"onMessage":[[]]}}}},"webcompat-reporter@mozilla.org":{"dependencies":[],"enabled":false,"lastModifiedTime":1553630782556,"loader":null,"path":"webcompat-reporter@mozilla.org.xpi","runInSafeMode":true,"telemetryKey":"webcompat-reporter%40mozilla.org:1.1.0","version":"1.1.0"},"webcompat@mozilla.org":{"dependencies":[],"enabled":true,"lastModifiedTime":1553630782557,"loader":null,"path":"webcompat@mozilla.org.xpi","runInSafeMode":true,"telemetryKey":"webcompat%40mozilla.org:3.0.2","version":"3.0.2"}},"staged":{},"path":"C:\\Program Files\\Mozilla Firefox\\browser\\features"}}
1557997162207	addons.xpi	DEBUG	Ignoring file: name is not a valid add-on ID: C:\Users\NTVNSV31\AppData\Local\Temp\anonymous4324848790195332605webdriver-profile\extensions\webdriver-staging
1557997162208	addons.xpi	DEBUG	Existing add-on formautofill@mozilla.org in app-system-defaults
1557997162209	addons.xpi	DEBUG	Existing add-on screenshots@mozilla.org in app-system-defaults
1557997162210	addons.xpi	DEBUG	Existing add-on webcompat-reporter@mozilla.org in app-system-defaults
1557997162210	addons.xpi	DEBUG	Existing add-on webcompat@mozilla.org in app-system-defaults
1557997162211	addons.xpi	DEBUG	scanForChanges changed: false, state: {}
1557997162212	addons.xpi	DEBUG	No changes found
1557997162217	addons.xpi	DEBUG	Loading bootstrap scope from C:\Program Files\Mozilla Firefox\browser\features\formautofill@mozilla.org.xpi
1557997162242	addons.xpi	DEBUG	Calling bootstrap method startup on formautofill@mozilla.org version 1.0
1557997162244	addons.xpi	DEBUG	Loading bootstrap scope from C:\Program Files\Mozilla Firefox\browser\features\screenshots@mozilla.org.xpi
1557997162245	addons.xpi	DEBUG	Calling bootstrap method startup on screenshots@mozilla.org version 35.0.0
1557997162245	addons.xpi	DEBUG	Loading bootstrap scope from C:\Program Files\Mozilla Firefox\browser\features\webcompat@mozilla.org.xpi
1557997162246	addons.xpi	DEBUG	Calling bootstrap method startup on webcompat@mozilla.org version 3.0.2
1557997162248	addons.manager	DEBUG	Registering shutdown blocker for XPIProvider
1557997162248	addons.manager	DEBUG	Provider finished startup: XPIProvider
1557997162248	addons.manager	DEBUG	Starting provider: LightweightThemeManager
1557997162248	addons.manager	DEBUG	Registering shutdown blocker for LightweightThemeManager
1557997162248	addons.manager	DEBUG	Provider finished startup: LightweightThemeManager
1557997162249	addons.manager	DEBUG	Starting provider: GMPProvider
1557997162256	addons.manager	DEBUG	Registering shutdown blocker for GMPProvider
1557997162256	addons.manager	DEBUG	Provider finished startup: GMPProvider
1557997162256	addons.manager	DEBUG	Starting provider: PluginProvider
1557997162256	addons.manager	DEBUG	Registering shutdown blocker for PluginProvider
1557997162256	addons.manager	DEBUG	Provider finished startup: PluginProvider
1557997162264	addons.manager	DEBUG	Completed startup sequence
1557997163552	addons.xpi-utils	DEBUG	Starting async load of XPI database C:\Users\NTVNSV31\AppData\Local\Temp\anonymous4324848790195332605webdriver-profile\extensions.json
1557997163586	addons.xpi	DEBUG	Ignoring file: name is not a valid add-on ID: C:\Users\NTVNSV31\AppData\Local\Temp\anonymous4324848790195332605webdriver-profile\extensions\webdriver-staging
1557997163588	addons.xpi	DEBUG	Existing add-on formautofill@mozilla.org in app-system-defaults
1557997163588	addons.xpi	DEBUG	Existing add-on screenshots@mozilla.org in app-system-defaults
1557997163588	addons.xpi	DEBUG	Existing add-on webcompat-reporter@mozilla.org in app-system-defaults
1557997163588	addons.xpi	DEBUG	Existing add-on webcompat@mozilla.org in app-system-defaults
1557997163589	addons.xpi	DEBUG	scanForChanges changed: false, state: {}
1557997163751	addons.xpi-utils	DEBUG	Finished async read of XPI database, parsing...
*** Blocklist::_loadFileInternal: blocklist is disabled
1557997163929	addons.xpi-utils	DEBUG	Successfully read XPI database
1557997164396	addons.manager	DEBUG	Registering upgrade listener for formautofill@mozilla.org

	at org.openqa.selenium.firefox.internal.NewProfileExtensionConnection.start(NewProfileExtensionConnection.java:118)
	... 41 more
... Removed 34 stack frames]]>
    </failure>
  </testcase> <!-- loadTestThisWebsite -->
  <testcase name="loadTestThisWebsite3" time="0.264" classname="com.mkyong.testng.examples.loadtest.TestMultipleThreads"/>
  <testcase name="loadTestThisWebsite3" time="0.275" classname="com.mkyong.testng.examples.loadtest.TestMultipleThreads"/>
  <testcase name="loadTestThisWebsite3" time="0.27" classname="com.mkyong.testng.examples.loadtest.TestMultipleThreads"/>
  <testcase name="loadTestThisWebsite3" time="0.071" classname="com.mkyong.testng.examples.loadtest.TestMultipleThreads"/>
  <testcase name="loadTestThisWebsite3" time="0.071" classname="com.mkyong.testng.examples.loadtest.TestMultipleThreads"/>
  <testcase name="loadTestThisWebsite3" time="0.073" classname="com.mkyong.testng.examples.loadtest.TestMultipleThreads"/>
  <testcase name="loadTestThisWebsite3" time="0.067" classname="com.mkyong.testng.examples.loadtest.TestMultipleThreads"/>
  <testcase name="loadTestThisWebsite3" time="0.085" classname="com.mkyong.testng.examples.loadtest.TestMultipleThreads"/>
  <testcase name="loadTestThisWebsite3" time="0.098" classname="com.mkyong.testng.examples.loadtest.TestMultipleThreads"/>
  <testcase name="loadTestThisWebsite3" time="0.072" classname="com.mkyong.testng.examples.loadtest.TestMultipleThreads"/>
  <testcase name="repeatThis" time="0.0" classname="com.mkyong.testng.examples.loadtest.TestMultipleThreads"/>
  <testcase name="repeatThis" time="0.001" classname="com.mkyong.testng.examples.loadtest.TestMultipleThreads"/>
  <testcase name="repeatThis" time="0.0" classname="com.mkyong.testng.examples.loadtest.TestMultipleThreads"/>
  <testcase name="repeatThis" time="0.0" classname="com.mkyong.testng.examples.loadtest.TestMultipleThreads"/>
  <testcase name="repeatThis" time="0.001" classname="com.mkyong.testng.examples.loadtest.TestMultipleThreads"/>
  <testcase name="repeatThis" time="0.0" classname="com.mkyong.testng.examples.loadtest.TestMultipleThreads"/>
  <testcase name="repeatThis" time="0.0" classname="com.mkyong.testng.examples.loadtest.TestMultipleThreads"/>
  <testcase name="repeatThis" time="0.0" classname="com.mkyong.testng.examples.loadtest.TestMultipleThreads"/>
  <testcase name="repeatThis" time="0.0" classname="com.mkyong.testng.examples.loadtest.TestMultipleThreads"/>
  <testcase name="repeatThis" time="0.0" classname="com.mkyong.testng.examples.loadtest.TestMultipleThreads"/>
  <testcase name="testThreadPools" time="0.001" classname="com.mkyong.testng.examples.loadtest.TestMultipleThreads"/>
  <testcase name="testThreadPools" time="0.001" classname="com.mkyong.testng.examples.loadtest.TestMultipleThreads"/>
  <testcase name="testThreadPools" time="0.001" classname="com.mkyong.testng.examples.loadtest.TestMultipleThreads"/>
  <testcase name="testThreadPools" time="0.001" classname="com.mkyong.testng.examples.loadtest.TestMultipleThreads"/>
  <testcase name="testThreadPools" time="0.0" classname="com.mkyong.testng.examples.loadtest.TestMultipleThreads"/>
  <testcase name="testThreadPools" time="0.002" classname="com.mkyong.testng.examples.loadtest.TestMultipleThreads"/>
  <testcase name="testThreadPools" time="0.001" classname="com.mkyong.testng.examples.loadtest.TestMultipleThreads"/>
  <testcase name="testThreadPools" time="0.001" classname="com.mkyong.testng.examples.loadtest.TestMultipleThreads"/>
  <testcase name="testThreadPools" time="0.001" classname="com.mkyong.testng.examples.loadtest.TestMultipleThreads"/>
  <testcase name="testThreadPools" time="0.001" classname="com.mkyong.testng.examples.loadtest.TestMultipleThreads"/>
  <testcase name="divisionWithException" time="0.0" classname="com.mkyong.testng.examples.exception.TestRuntime"/>
  <testcase name="testThisShouldFail" time="1.006" classname="com.mkyong.testng.examples.timeout.TestTimeout">
    <failure type="org.testng.internal.thread.ThreadTimeoutException" message="Method org.testng.internal.TestNGMethod.testThisShouldFail() didn&amp;apos;t finish within the time-out 1000">
      <![CDATA[org.testng.internal.thread.ThreadTimeoutException: Method org.testng.internal.TestNGMethod.testThisShouldFail() didn't finish within the time-out 1000
	at com.mkyong.testng.examples.timeout.TestTimeout.testThisShouldFail(TestTimeout.java:14)
	at java.util.concurrent.Executors$RunnableAdapter.call(Executors.java:511)
	at java.util.concurrent.FutureTask.run(FutureTask.java:266)
	at java.util.concurrent.ThreadPoolExecutor.runWorker(ThreadPoolExecutor.java:1149)
	at java.util.concurrent.ThreadPoolExecutor$Worker.run(ThreadPoolExecutor.java:624)
	at java.lang.Thread.run(Thread.java:748)
... Removed 7 stack frames]]>
    </failure>
  </testcase> <!-- testThisShouldFail -->
  <testcase name="testThisShouldPass" time="4.002" classname="com.mkyong.testng.examples.timeout.TestTimeout"/>
</testsuite> <!-- Command line test -->
