<?xml version="1.0" encoding="UTF-8"?>
<!-- Generated by org.testng.reporters.JUnitXMLReporter -->
<testsuite hostname="NTISHTCD13" name="Test" tests="5" failures="3" timestamp="17 May 2019 08:27:35 GMT" time="153.1" errors="0">
  <testcase name="loadTestWithInValidZipCode" time="39.411" classname="com.loadtest.TestMultipleThreads"/>
  <testcase name="loadTestWithValidZipCode" time="36.546" classname="com.loadtest.TestMultipleThreads">
    <failure type="java.lang.AssertionError" message="Timeout waiting for Page Load Request to complete.">
      <![CDATA[java.lang.AssertionError: Timeout waiting for Page Load Request to complete.
	at com.loadtest.TestMultipleThreads.waitForPageLoaded(TestMultipleThreads.java:119)
	at com.loadtest.TestMultipleThreads.loadTestWithValidZipCode(TestMultipleThreads.java:136)
... Removed 28 stack frames]]>
    </failure>
  </testcase> <!-- loadTestWithValidZipCode -->
  <testcase name="loadTestofHomePage" time="5.509" classname="com.loadtest.TestMultipleThreads"/>
  <testcase name="loadTestofNewsPage" time="35.925" classname="com.loadtest.TestMultipleThreads">
    <failure type="java.lang.AssertionError" message="Timeout waiting for Page Load Request to complete.">
      <![CDATA[java.lang.AssertionError: Timeout waiting for Page Load Request to complete.
	at com.loadtest.TestMultipleThreads.waitForPageLoaded(TestMultipleThreads.java:119)
	at com.loadtest.TestMultipleThreads.loadTestofNewsPage(TestMultipleThreads.java:36)
... Removed 28 stack frames]]>
    </failure>
  </testcase> <!-- loadTestofNewsPage -->
  <testcase name="loadTestofQuotePage" time="35.672" classname="com.loadtest.TestMultipleThreads">
    <failure type="java.lang.AssertionError" message="Timeout waiting for Page Load Request to complete.">
      <![CDATA[java.lang.AssertionError: Timeout waiting for Page Load Request to complete.
	at com.loadtest.TestMultipleThreads.waitForPageLoaded(TestMultipleThreads.java:119)
	at com.loadtest.TestMultipleThreads.loadTestofQuotePage(TestMultipleThreads.java:63)
... Removed 28 stack frames]]>
    </failure>
  </testcase> <!-- loadTestofQuotePage -->
</testsuite> <!-- Test -->
