<?xml version="1.0" encoding="UTF-8"?>
<testng-results skipped="0" failed="0" total="1" passed="1">
  <reporter-output>
  </reporter-output>
  <suite name="Suite" duration-ms="5868" started-at="2019-05-16T10:48:12Z" finished-at="2019-05-16T10:48:18Z">
    <groups>
    </groups>
    <test name="Test" duration-ms="5868" started-at="2019-05-16T10:48:12Z" finished-at="2019-05-16T10:48:18Z">
      <class name="com.loadtest.TestMultipleThreads">
        <test-method status="PASS" signature="loadTestThisWebsite()[pri:0, instance:com.loadtest.TestMultipleThreads@5abca1e0]" name="loadTestThisWebsite" duration-ms="5849" started-at="2019-05-16T16:18:12Z" finished-at="2019-05-16T16:18:18Z">
          <reporter-output>
          </reporter-output>
        </test-method> <!-- loadTestThisWebsite -->
      </class> <!-- com.loadtest.TestMultipleThreads -->
    </test> <!-- Test -->
  </suite> <!-- Suite -->
</testng-results>
